[2026-04-16 15:25:59] ALERT | SEW=DEADMAN | EVENT=NORMAL | Exp=0% | 🚨 DEAD MAN'S SWITCH: TEST_TRIGGER | spike=0 extreme=0 | corr_break=NO | z={'SPY': 0.045993997489167875, 'QQQ': 0.002078933596754421, 'VIX': -0.44668911515062876, 'DXY': -0.033046586111286115, 'WTI': -0.5569135169822539}
[2026-04-16 15:48:40] ALERT | SEW=DEADMAN | EVENT=NORMAL | Exp=0% | 🚨 DEAD MAN'S SWITCH: TEST_TRIGGER | spike=0 extreme=0 | corr_break=NO | z={'SPY': -0.4639295383587938, 'QQQ': -0.9363095242138997, 'VIX': -0.10257182413556928, 'DXY': 0.06366546015209235, 'WTI': 0.10750397854927754}
[2026-04-16 22:32:38] NO_ALERT | SEW=STABLE | EVENT=NORMAL | Exp=85% | spike=0 extreme=0 | corr_break=NO | z={'SPY': -0.6328055104072525, 'QQQ': 0.19569735502903948, 'VIX': 0.8771771681872963, 'DXY': 1.069971030326927, 'WTI': 0.6037906882630767}
[2026-04-17 01:47:22] NO_ALERT | SEW=STABLE | EVENT=NORMAL | Exp=85% | spike=0 extreme=0 | corr_break=NO | z={'SPY': -0.6328055104072525, 'QQQ': 0.19569735502903948, 'VIX': 0.8771771681872963, 'DXY': 1.069971030326927, 'WTI': 0.6037906882630767}
[2026-04-17 06:29:53] NO_ALERT | SEW=STABLE | EVENT=NORMAL | Exp=85% | spike=0 extreme=0 | corr_break=NO | z={'SPY': -0.6328055104072525, 'QQQ': 0.19569735502903948, 'VIX': 0.8771771681872963, 'DXY': 1.069971030326927, 'WTI': 0.6037906882630767}
[2026-04-17 07:05:00] NO_ALERT | SEW=STABLE | EVENT=NORMAL | Exp=85% | spike=0 extreme=0 | corr_break=NO | z={'SPY': -0.6328055104072525, 'QQQ': 0.19569735502903948, 'VIX': 0.8771771681872963, 'DXY': 1.069971030326927, 'WTI': 0.6037906882630767}
[2026-04-17 11:01:06] NO_ALERT | SEW=STABLE | EVENT=NORMAL | Exp=85% | spike=0 extreme=0 | corr_break=NO | z={'SPY': -0.6328055104072525, 'QQQ': 0.19569735502903948, 'VIX': 0.12789875491524935, 'DXY': 1.069971030326927, 'WTI': 0.6037906882630767}
[2026-04-17 11:15:22] NO_ALERT | SEW=STABLE | EVENT=NORMAL | Exp=85% | spike=0 extreme=0 | corr_break=NO | z={'SPY': -0.6328055104072525, 'QQQ': 0.19569735502903948, 'VIX': 0.3149421642961619, 'DXY': 1.069971030326927, 'WTI': 0.6037906882630767}
[2026-04-17 11:27:37] NO_ALERT | SEW=STABLE | EVENT=NORMAL | Exp=85% | spike=0 extreme=0 | corr_break=NO | z={'SPY': -0.6328055104072525, 'QQQ': 0.19569735502903948, 'VIX': -0.027522245020642492, 'DXY': 1.069971030326927, 'WTI': 0.6037906882630767}
[2026-04-17 12:16:03] NO_ALERT | SEW=STABLE | EVENT=NORMAL | Exp=85% | spike=0 extreme=0 | corr_break=NO | z={'SPY': -0.6328055104072525, 'QQQ': 0.19569735502903948, 'VIX': 0.22877774232048914, 'DXY': 1.069971030326927, 'WTI': 0.6037906882630767}
[2026-04-17 12:30:36] NO_ALERT | SEW=STABLE | EVENT=NORMAL | Exp=85% | spike=0 extreme=0 | corr_break=NO | z={'SPY': -0.6328055104072525, 'QQQ': 0.19569735502903948, 'VIX': 1.1129226528841396, 'DXY': 1.069971030326927, 'WTI': 0.6037906882630767}
[2026-04-17 13:10:03] NO_ALERT | SEW=STABLE | EVENT=NORMAL | Exp=85% | spike=0 extreme=0 | corr_break=NO | z={'SPY': -0.6328055104072525, 'QQQ': 0.19569735502903948, 'VIX': 0.2935464687322429, 'DXY': 1.069971030326927, 'WTI': 0.6037906882630767}
[2026-04-17 13:23:04] NO_ALERT | SEW=STABLE | EVENT=NORMAL | Exp=85% | spike=0 extreme=0 | corr_break=NO | z={'SPY': -0.6328055104072525, 'QQQ': 0.19569735502903948, 'VIX': -1.8220157116784812, 'DXY': 1.069971030326927, 'WTI': 0.6037906882630767}
[2026-04-18 02:01:38] NO_ALERT | SEW=STABLE | EVENT=NORMAL | Exp=85% | spike=0 extreme=0 | corr_break=NO | z={'SPY': -0.547250632627487, 'QQQ': 1.0454394913782012, 'VIX': 0.5595601855663159, 'DXY': -1.1157755726403964, 'WTI': -0.22630463240297094}
[2026-04-18 02:51:26] NO_ALERT | SEW=STABLE | EVENT=NORMAL | Exp=85% | spike=0 extreme=0 | corr_break=NO | z={'SPY': -0.547250632627487, 'QQQ': 1.0454394913782012, 'VIX': 0.5595601855663159, 'DXY': -1.1157755726403964, 'WTI': -0.22630463240297094}
[2026-04-18 03:47:52] NO_ALERT | SEW=STABLE | EVENT=NORMAL | Exp=85% | spike=0 extreme=0 | corr_break=NO | z={'SPY': -0.547250632627487, 'QQQ': 1.0454394913782012, 'VIX': 0.5595601855663159, 'DXY': -1.1157755726403964, 'WTI': -0.22630463240297094}
[2026-04-18 04:17:08] NO_ALERT | SEW=STABLE | EVENT=NORMAL | Exp=85% | spike=0 extreme=0 | corr_break=NO | z={'SPY': -0.547250632627487, 'QQQ': 1.0454394913782012, 'VIX': 0.5595601855663159, 'DXY': -1.1157755726403964, 'WTI': -0.22630463240297094}
[2026-04-18 07:09:01] NO_ALERT | SEW=STABLE | EVENT=NORMAL | Exp=85% | spike=0 extreme=0 | corr_break=NO | z={'SPY': -0.547250632627487, 'QQQ': 1.0454394913782012, 'VIX': 0.5595601855663159, 'DXY': -1.1157755726403964, 'WTI': -0.22630463240297094}
[2026-04-18 09:57:04] NO_ALERT | SEW=STABLE | EVENT=NORMAL | Exp=85% | spike=0 extreme=0 | corr_break=NO | z={'SPY': -0.547250632627487, 'QQQ': 1.0454394913782012, 'VIX': 0.5595601855663159, 'DXY': -1.1157755726403964, 'WTI': -0.22630463240297094}
[2026-04-18 10:34:21] NO_ALERT | SEW=STABLE | EVENT=NORMAL | Exp=85% | spike=0 extreme=0 | corr_break=NO | z={'SPY': -0.547250632627487, 'QQQ': 1.0454394913782012, 'VIX': 0.5595601855663159, 'DXY': -1.1157755726403964, 'WTI': -0.22630463240297094}
[2026-04-18 11:41:34] NO_ALERT | SEW=STABLE | EVENT=NORMAL | Exp=85% | spike=0 extreme=0 | corr_break=NO | z={'SPY': -0.547250632627487, 'QQQ': 1.0454394913782012, 'VIX': 0.5595601855663159, 'DXY': -1.1157755726403964, 'WTI': -0.22630463240297094}
[2026-04-18 11:57:12] NO_ALERT | SEW=STABLE | EVENT=NORMAL | Exp=85% | spike=0 extreme=0 | corr_break=NO | z={'SPY': -0.547250632627487, 'QQQ': 1.0454394913782012, 'VIX': 0.5595601855663159, 'DXY': -1.1157755726403964, 'WTI': -0.22630463240297094}
[2026-04-18 12:03:42] NO_ALERT | SEW=STABLE | EVENT=NORMAL | Exp=85% | spike=0 extreme=0 | corr_break=NO | z={'SPY': -0.547250632627487, 'QQQ': 1.0454394913782012, 'VIX': 0.5595601855663159, 'DXY': -1.1157755726403964, 'WTI': -0.22630463240297094}
[2026-04-18 12:33:04] NO_ALERT | SEW=STABLE | EVENT=NORMAL | Exp=85% | spike=0 extreme=0 | corr_break=NO | z={'SPY': -0.547250632627487, 'QQQ': 1.0454394913782012, 'VIX': 0.5595601855663159, 'DXY': -1.1157755726403964, 'WTI': -0.22630463240297094}
[2026-04-18 13:02:44] NO_ALERT | SEW=STABLE | EVENT=NORMAL | Exp=85% | spike=0 extreme=0 | corr_break=NO | z={'SPY': -0.547250632627487, 'QQQ': 1.0454394913782012, 'VIX': 0.5595601855663159, 'DXY': -1.1157755726403964, 'WTI': -0.22630463240297094}
[2026-04-18 13:29:18] NO_ALERT | SEW=STABLE | EVENT=NORMAL | Exp=85% | spike=0 extreme=0 | corr_break=NO | z={'SPY': -0.547250632627487, 'QQQ': 1.0454394913782012, 'VIX': 0.5595601855663159, 'DXY': -1.1157755726403964, 'WTI': -0.22630463240297094}
[2026-04-18 13:39:31] NO_ALERT | SEW=STABLE | EVENT=NORMAL | Exp=85% | spike=0 extreme=0 | corr_break=NO | z={'SPY': -0.547250632627487, 'QQQ': 1.0454394913782012, 'VIX': 0.5595601855663159, 'DXY': -1.1157755726403964, 'WTI': -0.22630463240297094}
[2026-04-18 14:04:45] NO_ALERT | SEW=STABLE | EVENT=NORMAL | Exp=85% | spike=0 extreme=0 | corr_break=NO | z={'SPY': -0.547250632627487, 'QQQ': 1.0454394913782012, 'VIX': 0.5595601855663159, 'DXY': -1.1157755726403964, 'WTI': -0.22630463240297094}
[2026-04-19 04:14:33] NO_ALERT | SEW=STABLE | EVENT=NORMAL | Exp=85% | spike=0 extreme=0 | corr_break=NO | z={'SPY': -0.547250632627487, 'QQQ': 1.0454394913782012, 'VIX': 0.5595601855663159, 'DXY': -1.1157755726403964, 'WTI': -0.22630463240297094}
[2026-04-19 10:42:15] NO_ALERT | SEW=STABLE | EVENT=NORMAL | Exp=85% | spike=0 extreme=0 | corr_break=NO | z={'SPY': -0.547250632627487, 'QQQ': 1.0454394913782012, 'VIX': 0.5595601855663159, 'DXY': -1.1157755726403964, 'WTI': -0.22630463240297094}
[2026-04-19 10:53:27] NO_ALERT | SEW=STABLE | EVENT=NORMAL | Exp=85% | spike=0 extreme=0 | corr_break=NO | z={'SPY': -0.547250632627487, 'QQQ': 1.0454394913782012, 'VIX': 0.5595601855663159, 'DXY': -1.1157755726403964, 'WTI': -0.22630463240297094}
[2026-04-19 11:17:31] NO_ALERT | SEW=STABLE | EVENT=NORMAL | Exp=85% | spike=0 extreme=0 | corr_break=NO | z={'SPY': -0.547250632627487, 'QQQ': 1.0454394913782012, 'VIX': 0.5595601855663159, 'DXY': -1.1157755726403964, 'WTI': -0.22630463240297094}
[2026-04-19 11:27:34] NO_ALERT | SEW=STABLE | EVENT=NORMAL | Exp=85% | spike=0 extreme=0 | corr_break=NO | z={'SPY': -0.547250632627487, 'QQQ': 1.0454394913782012, 'VIX': 0.5595601855663159, 'DXY': -1.1157755726403964, 'WTI': -0.22630463240297094}
[2026-04-19 11:33:24] NO_ALERT | SEW=STABLE | EVENT=NORMAL | Exp=85% | spike=0 extreme=0 | corr_break=NO | z={'SPY': -0.547250632627487, 'QQQ': 1.0454394913782012, 'VIX': 0.5595601855663159, 'DXY': -1.1157755726403964, 'WTI': -0.22630463240297094}
[2026-04-19 11:44:32] NO_ALERT | SEW=STABLE | EVENT=NORMAL | Exp=85% | spike=0 extreme=0 | corr_break=NO | z={'SPY': -0.547250632627487, 'QQQ': 1.0454394913782012, 'VIX': 0.5595601855663159, 'DXY': -1.1157755726403964, 'WTI': -0.22630463240297094}
[2026-04-19 11:55:18] NO_ALERT | SEW=STABLE | EVENT=NORMAL | Exp=85% | spike=0 extreme=0 | corr_break=NO | z={'SPY': -0.547250632627487, 'QQQ': 1.0454394913782012, 'VIX': 0.5595601855663159, 'DXY': -1.1157755726403964, 'WTI': -0.22630463240297094}
[2026-04-19 12:23:32] NO_ALERT | SEW=STABLE | EVENT=NORMAL | Exp=85% | spike=0 extreme=0 | corr_break=NO | z={'SPY': -0.547250632627487, 'QQQ': 1.0454394913782012, 'VIX': 0.5595601855663159, 'DXY': -1.1157755726403964, 'WTI': -0.22630463240297094}
[2026-04-19 12:40:18] NO_ALERT | SEW=STABLE | EVENT=NORMAL | Exp=85% | spike=0 extreme=0 | corr_break=NO | z={'SPY': -0.547250632627487, 'QQQ': 1.0454394913782012, 'VIX': 0.5595601855663159, 'DXY': -1.1157755726403964, 'WTI': -0.22630463240297094}
[2026-04-19 13:22:58] NO_ALERT | SEW=STABLE | EVENT=NORMAL | Exp=85% | spike=0 extreme=0 | corr_break=NO | z={'SPY': -0.547250632627487, 'QQQ': 1.0454394913782012, 'VIX': 0.5595601855663159, 'DXY': -1.1157755726403964, 'WTI': -0.22630463240297094}
[2026-04-19 13:37:15] NO_ALERT | SEW=STABLE | EVENT=NORMAL | Exp=85% | spike=0 extreme=0 | corr_break=NO | z={'SPY': -0.547250632627487, 'QQQ': 1.0454394913782012, 'VIX': 0.5595601855663159, 'DXY': -1.1157755726403964, 'WTI': -0.22630463240297094}
[2026-04-19 13:44:54] NO_ALERT | SEW=STABLE | EVENT=NORMAL | Exp=85% | spike=0 extreme=0 | corr_break=NO | z={'SPY': -0.547250632627487, 'QQQ': 1.0454394913782012, 'VIX': 0.5595601855663159, 'DXY': -1.1157755726403964, 'WTI': -0.22630463240297094}
[2026-04-19 14:28:13] NO_ALERT | SEW=STABLE | EVENT=NORMAL | Exp=85% | spike=0 extreme=0 | corr_break=NO | z={'SPY': -0.547250632627487, 'QQQ': 1.0454394913782012, 'VIX': 0.5595601855663159, 'DXY': -1.1157755726403964, 'WTI': -0.22630463240297094}
[2026-04-19 14:47:17] NO_ALERT | SEW=STABLE | EVENT=NORMAL | Exp=85% | spike=0 extreme=0 | corr_break=NO | z={'SPY': -0.547250632627487, 'QQQ': 1.0454394913782012, 'VIX': 0.5595601855663159, 'DXY': -1.1157755726403964, 'WTI': -0.22630463240297094}
[2026-04-19 14:54:04] NO_ALERT | SEW=STABLE | EVENT=NORMAL | Exp=85% | spike=0 extreme=0 | corr_break=NO | z={'SPY': -0.547250632627487, 'QQQ': 1.0454394913782012, 'VIX': 0.5595601855663159, 'DXY': -1.1157755726403964, 'WTI': -0.22630463240297094}
[2026-04-19 15:01:08] NO_ALERT | SEW=STABLE | EVENT=NORMAL | Exp=85% | spike=0 extreme=0 | corr_break=NO | z={'SPY': -0.547250632627487, 'QQQ': 1.0454394913782012, 'VIX': 0.5595601855663159, 'DXY': -1.1157755726403964, 'WTI': -0.22630463240297094}
[2026-04-19 15:13:08] NO_ALERT | SEW=STABLE | EVENT=NORMAL | Exp=85% | spike=0 extreme=0 | corr_break=NO | z={'SPY': -0.547250632627487, 'QQQ': 1.0454394913782012, 'VIX': 0.5595601855663159, 'DXY': -1.1157755726403964, 'WTI': -0.22630463240297094}
[2026-04-19 15:17:21] NO_ALERT | SEW=STABLE | EVENT=NORMAL | Exp=85% | spike=0 extreme=0 | corr_break=NO | z={'SPY': -0.547250632627487, 'QQQ': 1.0454394913782012, 'VIX': 0.5595601855663159, 'DXY': -1.1157755726403964, 'WTI': -0.22630463240297094}
[2026-04-19 15:23:27] NO_ALERT | SEW=STABLE | EVENT=NORMAL | Exp=85% | spike=0 extreme=0 | corr_break=NO | z={'SPY': -0.547250632627487, 'QQQ': 1.0454394913782012, 'VIX': 0.5595601855663159, 'DXY': -1.1157755726403964, 'WTI': -0.22630463240297094}
[2026-04-19 15:29:28] NO_ALERT | SEW=STABLE | EVENT=NORMAL | Exp=85% | spike=0 extreme=0 | corr_break=NO | z={'SPY': -0.547250632627487, 'QQQ': 1.0454394913782012, 'VIX': 0.5595601855663159, 'DXY': -1.1157755726403964, 'WTI': -0.22630463240297094}
[2026-04-19 15:32:54] NO_ALERT | SEW=STABLE | EVENT=NORMAL | Exp=85% | spike=0 extreme=0 | corr_break=NO | z={'SPY': -0.547250632627487, 'QQQ': 1.0454394913782012, 'VIX': 0.5595601855663159, 'DXY': -1.1157755726403964, 'WTI': -0.22630463240297094}
[2026-04-19 16:03:38] NO_ALERT | SEW=STABLE | EVENT=NORMAL | Exp=85% | spike=0 extreme=0 | corr_break=NO | z={'SPY': -0.547250632627487, 'QQQ': 1.0454394913782012, 'VIX': 0.5595601855663159, 'DXY': -1.1157755726403964, 'WTI': -0.22630463240297094}
[2026-04-19 16:12:30] NO_ALERT | SEW=STABLE | EVENT=NORMAL | Exp=85% | spike=0 extreme=0 | corr_break=NO | z={'SPY': -0.547250632627487, 'QQQ': 1.0454394913782012, 'VIX': 0.5595601855663159, 'DXY': -1.1157755726403964, 'WTI': -0.22630463240297094}
[2026-04-19 16:24:28] NO_ALERT | SEW=STABLE | EVENT=NORMAL | Exp=85% | spike=0 extreme=0 | corr_break=NO | z={'SPY': -0.547250632627487, 'QQQ': 1.0454394913782012, 'VIX': 0.5595601855663159, 'DXY': -1.1157755726403964, 'WTI': -0.22630463240297094}
[2026-04-19 16:46:32] NO_ALERT | SEW=STABLE | EVENT=NORMAL | Exp=85% | spike=0 extreme=0 | corr_break=NO | z={'SPY': -0.547250632627487, 'QQQ': 1.0454394913782012, 'VIX': 0.5595601855663159, 'DXY': -1.1157755726403964, 'WTI': -0.22630463240297094}
[2026-04-19 17:06:11] NO_ALERT | SEW=STABLE | EVENT=NORMAL | Exp=85% | spike=0 extreme=0 | corr_break=NO | z={'SPY': -0.547250632627487, 'QQQ': 1.0454394913782012, 'VIX': 0.5595601855663159, 'DXY': -1.1157755726403964, 'WTI': -0.22630463240297094}
[2026-04-20 01:35:24] NO_ALERT | SEW=STABLE | EVENT=NORMAL | Exp=85% | spike=0 extreme=0 | corr_break=NO | z={'SPY': -0.547250632627487, 'QQQ': 1.0454394913782012, 'VIX': 0.5595601855663159, 'DXY': -1.1157755726403964, 'WTI': -0.22630463240297094}
[2026-04-20 01:54:23] NO_ALERT | SEW=STABLE | EVENT=NORMAL | Exp=85% | spike=0 extreme=0 | corr_break=NO | z={'SPY': -0.547250632627487, 'QQQ': 1.0454394913782012, 'VIX': 0.5595601855663159, 'DXY': -1.1157755726403964, 'WTI': -0.22630463240297094}
[2026-04-20 03:31:15] NO_ALERT | SEW=STABLE | EVENT=NORMAL | Exp=85% | spike=0 extreme=0 | corr_break=NO | z={'SPY': -0.547250632627487, 'QQQ': 1.0454394913782012, 'VIX': 0.5595601855663159, 'DXY': -1.1157755726403964, 'WTI': -0.22630463240297094}
[2026-04-20 04:19:32] NO_ALERT | SEW=STABLE | EVENT=NORMAL | Exp=85% | spike=0 extreme=0 | corr_break=NO | z={'SPY': -0.547250632627487, 'QQQ': 1.0454394913782012, 'VIX': 0.5595601855663159, 'DXY': -1.1157755726403964, 'WTI': -0.22630463240297094}
[2026-04-20 04:36:30] NO_ALERT | SEW=STABLE | EVENT=NORMAL | Exp=85% | spike=0 extreme=0 | corr_break=NO | z={'SPY': -0.547250632627487, 'QQQ': 1.0454394913782012, 'VIX': 0.5595601855663159, 'DXY': -1.1157755726403964, 'WTI': -0.22630463240297094}
[2026-04-20 04:58:46] NO_ALERT | SEW=STABLE | EVENT=NORMAL | Exp=85% | spike=0 extreme=0 | corr_break=NO | z={'SPY': -0.547250632627487, 'QQQ': 1.0454394913782012, 'VIX': 0.5595601855663159, 'DXY': -1.1157755726403964, 'WTI': -0.22630463240297094}
[2026-04-20 06:19:14] NO_ALERT | SEW=STABLE | EVENT=NORMAL | Exp=85% | spike=0 extreme=0 | corr_break=NO | z={'SPY': -0.547250632627487, 'QQQ': 1.0454394913782012, 'VIX': 0.5595601855663159, 'DXY': -1.1157755726403964, 'WTI': -0.22630463240297094}
[2026-04-20 06:32:13] NO_ALERT | SEW=STABLE | EVENT=NORMAL | Exp=85% | spike=0 extreme=0 | corr_break=NO | z={'SPY': -0.547250632627487, 'QQQ': 1.0454394913782012, 'VIX': 0.5595601855663159, 'DXY': -1.1157755726403964, 'WTI': -0.22630463240297094}
[2026-04-20 06:45:28] NO_ALERT | SEW=STABLE | EVENT=NORMAL | Exp=85% | spike=0 extreme=0 | corr_break=NO | z={'SPY': -0.547250632627487, 'QQQ': 1.0454394913782012, 'VIX': 0.5595601855663159, 'DXY': -1.1157755726403964, 'WTI': -0.22630463240297094}
[2026-04-20 06:51:32] NO_ALERT | SEW=STABLE | EVENT=NORMAL | Exp=85% | spike=0 extreme=0 | corr_break=NO | z={'SPY': -0.547250632627487, 'QQQ': 1.0454394913782012, 'VIX': 0.5595601855663159, 'DXY': -1.1157755726403964, 'WTI': -0.22630463240297094}
[2026-04-20 07:02:59] NO_ALERT | SEW=STABLE | EVENT=NORMAL | Exp=85% | spike=0 extreme=0 | corr_break=NO | z={'SPY': -0.547250632627487, 'QQQ': 1.0454394913782012, 'VIX': 0.5595601855663159, 'DXY': -1.1157755726403964, 'WTI': -0.22630463240297094}
[2026-04-20 08:43:59] NO_ALERT | SEW=STABLE | EVENT=NORMAL | Exp=85% | spike=0 extreme=0 | corr_break=NO | z={'SPY': -0.547250632627487, 'QQQ': 1.0454394913782012, 'VIX': 0.5595601855663159, 'DXY': -1.1157755726403964, 'WTI': -0.22630463240297094}
[2026-04-20 10:20:04] NO_ALERT | SEW=STABLE | EVENT=NORMAL | Exp=85% | spike=0 extreme=0 | corr_break=NO | z={'SPY': -0.547250632627487, 'QQQ': 1.0454394913782012, 'VIX': -0.18075449029479415, 'DXY': -1.1157755726403964, 'WTI': -0.22630463240297094}
[2026-04-20 11:26:08] NO_ALERT | SEW=STABLE | EVENT=NORMAL | Exp=85% | spike=0 extreme=0 | corr_break=NO | z={'SPY': -0.547250632627487, 'QQQ': 1.0454394913782012, 'VIX': 0.4661024219149905, 'DXY': -1.1157755726403964, 'WTI': -0.22630463240297094}
[2026-04-20 12:18:21] NO_ALERT | SEW=STABLE | EVENT=NORMAL | Exp=85% | spike=0 extreme=0 | corr_break=NO | z={'SPY': -0.547250632627487, 'QQQ': 1.0454394913782012, 'VIX': -0.21378376459111184, 'DXY': -1.1157755726403964, 'WTI': -0.22630463240297094}
[2026-04-20 12:28:13] NO_ALERT | SEW=STABLE | EVENT=NORMAL | Exp=85% | spike=0 extreme=0 | corr_break=NO | z={'SPY': -0.547250632627487, 'QQQ': 1.0454394913782012, 'VIX': 0.2690180595506569, 'DXY': -1.1157755726403964, 'WTI': -0.22630463240297094}
[2026-04-20 12:34:10] NO_ALERT | SEW=STABLE | EVENT=NORMAL | Exp=85% | spike=0 extreme=0 | corr_break=NO | z={'SPY': -0.547250632627487, 'QQQ': 1.0454394913782012, 'VIX': -1.084033904156881, 'DXY': -1.1157755726403964, 'WTI': -0.22630463240297094}
[2026-04-20 12:59:08] NO_ALERT | SEW=STABLE | EVENT=NORMAL | Exp=85% | spike=0 extreme=0 | corr_break=NO | z={'SPY': -0.547250632627487, 'QQQ': 1.0454394913782012, 'VIX': -1.855359187275735, 'DXY': -1.1157755726403964, 'WTI': -0.22630463240297094}
[2026-04-21 04:11:52] NO_ALERT | SEW=STABLE | EVENT=NORMAL | Exp=85% | spike=1 extreme=0 | corr_break=NO | z={'SPY': 2.6107854411616187, 'QQQ': 1.9310707279282078, 'VIX': 0.765046049419136, 'DXY': -0.8899689949507779, 'WTI': -0.2832871969061148}
[2026-04-21 05:11:22] NO_ALERT | SEW=STABLE | EVENT=NORMAL | Exp=85% | spike=1 extreme=0 | corr_break=NO | z={'SPY': 2.6107854411616187, 'QQQ': 1.9310707279282078, 'VIX': 0.765046049419136, 'DXY': -0.8899689949507779, 'WTI': -0.2832871969061148}
[2026-04-22 03:59:17] NO_ALERT | SEW=STABLE | EVENT=NORMAL | Exp=85% | spike=0 extreme=0 | corr_break=NO | z={'SPY': 0.5566578297089324, 'QQQ': 1.0658267810138027, 'VIX': -2.0053782973315957, 'DXY': 0.6139375089913152, 'WTI': -0.567123509694561}
[2026-04-22 04:01:32] NO_ALERT | SEW=STABLE | EVENT=NORMAL | Exp=85% | spike=0 extreme=0 | corr_break=NO | z={'SPY': 0.5566578297089324, 'QQQ': 1.0658267810138027, 'VIX': -2.0053782973315957, 'DXY': 0.6139375089913152, 'WTI': -0.567123509694561}
[2026-04-23 04:12:51] NO_ALERT | SEW=STABLE | EVENT=NORMAL | Exp=85% | spike=0 extreme=0 | corr_break=NO | z={'SPY': 0.44405295533191763, 'QQQ': -0.4816804842443211, 'VIX': 0.7645960832554503, 'DXY': 1.9621337906684986, 'WTI': 0.9341200063983939}
[2026-04-23 04:20:46] NO_ALERT | SEW=STABLE | EVENT=NORMAL | Exp=85% | spike=0 extreme=0 | corr_break=NO | z={'SPY': 0.44405295533191763, 'QQQ': -0.4816804842443211, 'VIX': 0.7645960832554503, 'DXY': 1.9621337906684986, 'WTI': 0.9341200063983939}
[2026-04-23 10:00:04] NO_ALERT | SEW=STABLE | EVENT=NORMAL | Exp=85% | spike=0 extreme=0 | corr_break=NO | z={'SPY': 0.44405295533191763, 'QQQ': -0.4816804842443211, 'VIX': -0.31511821679765206, 'DXY': 1.9621337906684986, 'WTI': 0.9341200063983939}
[2026-04-23 12:21:20] NO_ALERT | SEW=STABLE | EVENT=NORMAL | Exp=85% | spike=0 extreme=0 | corr_break=NO | z={'SPY': 0.44405295533191763, 'QQQ': -0.4816804842443211, 'VIX': 0.07438134882927695, 'DXY': 1.9621337906684986, 'WTI': 0.9341200063983939}
[2026-04-23 13:00:43] NO_ALERT | SEW=STABLE | EVENT=NORMAL | Exp=85% | spike=0 extreme=0 | corr_break=NO | z={'SPY': 0.44405295533191763, 'QQQ': -0.4816804842443211, 'VIX': 0.2454321503336071, 'DXY': 1.9621337906684986, 'WTI': 0.9341200063983939}
[2026-04-23 13:14:49] NO_ALERT | SEW=STABLE | EVENT=NORMAL | Exp=85% | spike=0 extreme=0 | corr_break=NO | z={'SPY': 0.44405295533191763, 'QQQ': -0.4816804842443211, 'VIX': -0.07449035670454254, 'DXY': 1.9621337906684986, 'WTI': 0.9341200063983939}
[2026-04-23 13:34:23] ALERT | SEW=DEADMAN | EVENT=NORMAL | Exp=0% | 🚨 DEAD MAN'S SWITCH: Real-time Vol Spike Detected | spike=2 extreme=3 | corr_break=NO | z={'SPY': -3.842101201462975, 'QQQ': -3.540016381580944, 'VIX': -2.752108564241275, 'DXY': 3.445310122449805, 'WTI': 4.090744202858731}
[2026-04-23 14:00:45] NO_ALERT | SEW=STABLE | EVENT=NORMAL | Exp=85% | spike=0 extreme=0 | corr_break=NO | z={'SPY': -0.9798054289205876, 'QQQ': -0.98823081755237, 'VIX': -0.07919229237168479, 'DXY': -0.28589775207345897, 'WTI': 0.8346395229012888}
[2026-04-23 14:08:53] NO_ALERT | SEW=STABLE | EVENT=NORMAL | Exp=85% | spike=0 extreme=0 | corr_break=NO | z={'SPY': 0.4209785735987254, 'QQQ': 0.001739269881412213, 'VIX': -0.07853594787477333, 'DXY': -1.3974597914347988, 'WTI': -0.3078893763913779}
[2026-04-23 14:33:41] NO_ALERT | SEW=STABLE | EVENT=NORMAL | Exp=85% | spike=0 extreme=0 | corr_break=NO | z={'SPY': 0.8043947635637048, 'QQQ': 1.3175394170840147, 'VIX': -0.3839353402622331, 'DXY': -0.6213888474722602, 'WTI': -0.13644694307023106}
[2026-04-23 14:39:19] NO_ALERT | SEW=STABLE | EVENT=NORMAL | Exp=85% | spike=0 extreme=0 | corr_break=NO | z={'SPY': -0.6411827206744855, 'QQQ': -0.6737719518539057, 'VIX': -0.34601779369696883, 'DXY': 0.46649232757613457, 'WTI': 0.5356121783182964}
[2026-04-23 14:55:04] NO_ALERT | SEW=STABLE | EVENT=NORMAL | Exp=85% | spike=0 extreme=0 | corr_break=NO | z={'SPY': 0.03500796253705463, 'QQQ': 0.1326133460580486, 'VIX': 0.06853729369103137, 'DXY': -0.5101768191214971, 'WTI': 0.1065238944661185}
[2026-04-24 04:17:12] NO_ALERT | SEW=STABLE | EVENT=NORMAL | Exp=85% | spike=0 extreme=0 | corr_break=NO | z={'SPY': 0.9245908229379343, 'QQQ': 1.0042073413946315, 'VIX': 0.9908615876003753, 'DXY': -0.21108633757359893, 'WTI': -0.054773279566809704}
[2026-04-24 04:31:23] NO_ALERT | SEW=STABLE | EVENT=NORMAL | Exp=85% | spike=0 extreme=0 | corr_break=NO | z={'SPY': 0.9245908229379343, 'QQQ': 1.0042073413946315, 'VIX': 0.9908615876003753, 'DXY': -0.21108633757359893, 'WTI': -0.054773279566809704}
[2026-04-25 00:37:58] NO_ALERT | SEW=STABLE | EVENT=NORMAL | Exp=85% | spike=0 extreme=0 | corr_break=NO | z={'SPY': -0.8140056265482575, 'QQQ': -0.9429429067346039, 'VIX': -0.1853636458865137, 'DXY': -0.7718816475430088, 'WTI': -0.7609214955374255}
[2026-04-25 02:02:51] NO_ALERT | SEW=STABLE | EVENT=NORMAL | Exp=85% | spike=0 extreme=0 | corr_break=NO | z={'SPY': -0.8140056265482575, 'QQQ': -0.9429429067346039, 'VIX': -0.1853636458865137, 'DXY': -0.7718816475430088, 'WTI': -0.7609214955374255}
[2026-04-25 03:51:30] NO_ALERT | SEW=STABLE | EVENT=NORMAL | Exp=85% | spike=0 extreme=0 | corr_break=NO | z={'SPY': -0.8140056265482575, 'QQQ': -0.9429429067346039, 'VIX': -0.1853636458865137, 'DXY': -0.7718816475430088, 'WTI': -0.7609214955374255}
[2026-04-25 04:42:12] NO_ALERT | SEW=STABLE | EVENT=NORMAL | Exp=85% | spike=0 extreme=0 | corr_break=NO | z={'SPY': -0.8140056265482575, 'QQQ': -0.9429429067346039, 'VIX': -0.1853636458865137, 'DXY': -0.7718816475430088, 'WTI': -0.7609214955374255}
[2026-04-26 04:22:22] NO_ALERT | SEW=STABLE | EVENT=NORMAL | Exp=85% | spike=0 extreme=0 | corr_break=NO | z={'SPY': -0.8140056265482575, 'QQQ': -0.9429429067346039, 'VIX': -0.1853636458865137, 'DXY': -0.7718816475430088, 'WTI': -0.7609214955374255}
[2026-04-26 07:29:07] NO_ALERT | SEW=STABLE | EVENT=NORMAL | Exp=85% | spike=0 extreme=0 | corr_break=NO | z={'SPY': -0.8140056265482575, 'QQQ': -0.9429429067346039, 'VIX': -0.1853636458865137, 'DXY': -0.7718816475430088, 'WTI': -0.7609214955374255}
[2026-04-26 09:17:17] NO_ALERT | SEW=STABLE | EVENT=NORMAL | Exp=85% | spike=0 extreme=0 | corr_break=NO | z={'SPY': -0.8140056265482575, 'QQQ': -0.9429429067346039, 'VIX': -0.1853636458865137, 'DXY': -0.7718816475430088, 'WTI': -0.7609214955374255}
[2026-04-26 12:50:29] NO_ALERT | SEW=STABLE | EVENT=NORMAL | Exp=85% | spike=0 extreme=0 | corr_break=NO | z={'SPY': -0.8140056265482575, 'QQQ': -0.9429429067346039, 'VIX': -0.1853636458865137, 'DXY': -0.7718816475430088, 'WTI': -0.7609214955374255}
[2026-04-26 13:15:05] NO_ALERT | SEW=STABLE | EVENT=NORMAL | Exp=85% | spike=0 extreme=0 | corr_break=NO | z={'SPY': -0.8140056265482575, 'QQQ': -0.9429429067346039, 'VIX': -0.1853636458865137, 'DXY': -0.7718816475430088, 'WTI': -0.7609214955374255}
[2026-04-26 13:25:02] NO_ALERT | SEW=STABLE | EVENT=NORMAL | Exp=85% | spike=0 extreme=0 | corr_break=NO | z={'SPY': -0.8140056265482575, 'QQQ': -0.9429429067346039, 'VIX': -0.1853636458865137, 'DXY': -0.7718816475430088, 'WTI': -0.7609214955374255}
[2026-04-26 13:43:51] NO_ALERT | SEW=STABLE | EVENT=NORMAL | Exp=85% | spike=0 extreme=0 | corr_break=NO | z={'SPY': -0.8140056265482575, 'QQQ': -0.9429429067346039, 'VIX': -0.1853636458865137, 'DXY': -0.7718816475430088, 'WTI': -0.7609214955374255}
[2026-04-26 13:54:21] NO_ALERT | SEW=STABLE | EVENT=NORMAL | Exp=85% | spike=0 extreme=0 | corr_break=NO | z={'SPY': -0.8140056265482575, 'QQQ': -0.9429429067346039, 'VIX': -0.1853636458865137, 'DXY': -0.7718816475430088, 'WTI': -0.7609214955374255}
[2026-04-26 14:56:05] NO_ALERT | SEW=STABLE | EVENT=NORMAL | Exp=85% | spike=0 extreme=0 | corr_break=NO | z={'SPY': -0.8140056265482575, 'QQQ': -0.9429429067346039, 'VIX': -0.1853636458865137, 'DXY': -0.7718816475430088, 'WTI': -0.7609214955374255}
[2026-04-26 15:10:04] NO_ALERT | SEW=STABLE | EVENT=NORMAL | Exp=85% | spike=0 extreme=0 | corr_break=NO | z={'SPY': -0.8140056265482575, 'QQQ': -0.9429429067346039, 'VIX': -0.1853636458865137, 'DXY': -0.7718816475430088, 'WTI': -0.7609214955374255}
[2026-04-26 15:16:22] NO_ALERT | SEW=STABLE | EVENT=NORMAL | Exp=85% | spike=0 extreme=0 | corr_break=NO | z={'SPY': -0.8140056265482575, 'QQQ': -0.9429429067346039, 'VIX': -0.1853636458865137, 'DXY': -0.7718816475430088, 'WTI': -0.7609214955374255}
[2026-04-26 15:26:43] NO_ALERT | SEW=STABLE | EVENT=NORMAL | Exp=85% | spike=0 extreme=0 | corr_break=NO | z={'SPY': -0.8140056265482575, 'QQQ': -0.9429429067346039, 'VIX': -0.1853636458865137, 'DXY': -0.7718816475430088, 'WTI': -0.7609214955374255}
[2026-04-26 15:36:39] NO_ALERT | SEW=STABLE | EVENT=NORMAL | Exp=85% | spike=0 extreme=0 | corr_break=NO | z={'SPY': -0.8140056265482575, 'QQQ': -0.9429429067346039, 'VIX': -0.1853636458865137, 'DXY': -0.7718816475430088, 'WTI': -0.7609214955374255}
[2026-04-26 15:44:05] NO_ALERT | SEW=STABLE | EVENT=NORMAL | Exp=85% | spike=0 extreme=0 | corr_break=NO | z={'SPY': -0.8140056265482575, 'QQQ': -0.9429429067346039, 'VIX': -0.1853636458865137, 'DXY': -0.7718816475430088, 'WTI': -0.7609214955374255}
[2026-04-26 15:48:16] NO_ALERT | SEW=STABLE | EVENT=NORMAL | Exp=85% | spike=0 extreme=0 | corr_break=NO | z={'SPY': -0.8140056265482575, 'QQQ': -0.9429429067346039, 'VIX': -0.1853636458865137, 'DXY': -0.7718816475430088, 'WTI': -0.7609214955374255}
[2026-04-27 03:54:02] NO_ALERT | SEW=STABLE | EVENT=NORMAL | Exp=85% | spike=0 extreme=0 | corr_break=NO | z={'SPY': -0.8140056265482575, 'QQQ': -0.9429429067346039, 'VIX': -0.1853636458865137, 'DXY': -0.7718816475430088, 'WTI': -0.7609214955374255}
[2026-04-27 04:09:07] NO_ALERT | SEW=STABLE | EVENT=NORMAL | Exp=85% | spike=0 extreme=0 | corr_break=NO | z={'SPY': -0.8140056265482575, 'QQQ': -0.9429429067346039, 'VIX': -0.1853636458865137, 'DXY': -0.7718816475430088, 'WTI': -0.7609214955374255}
[2026-04-27 04:30:01] NO_ALERT | SEW=STABLE | EVENT=NORMAL | Exp=85% | spike=0 extreme=0 | corr_break=NO | z={'SPY': -0.8140056265482575, 'QQQ': -0.9429429067346039, 'VIX': -0.1853636458865137, 'DXY': -0.7718816475430088, 'WTI': -0.7609214955374255}
[2026-04-27 06:46:51] NO_ALERT | SEW=STABLE | EVENT=NORMAL | Exp=85% | spike=0 extreme=0 | corr_break=NO | z={'SPY': -0.8140056265482575, 'QQQ': -0.9429429067346039, 'VIX': -0.1853636458865137, 'DXY': -0.7718816475430088, 'WTI': -0.7609214955374255}
[2026-04-27 07:00:57] NO_ALERT | SEW=STABLE | EVENT=NORMAL | Exp=85% | spike=0 extreme=0 | corr_break=NO | z={'SPY': -0.8140056265482575, 'QQQ': -0.9429429067346039, 'VIX': -0.1853636458865137, 'DXY': -0.7718816475430088, 'WTI': -0.7609214955374255}
[2026-04-27 07:09:36] NO_ALERT | SEW=STABLE | EVENT=NORMAL | Exp=85% | spike=0 extreme=0 | corr_break=NO | z={'SPY': -0.8140056265482575, 'QQQ': -0.9429429067346039, 'VIX': -0.1853636458865137, 'DXY': -0.7718816475430088, 'WTI': -0.7609214955374255}
[2026-04-27 09:48:22] NO_ALERT | SEW=STABLE | EVENT=NORMAL | Exp=85% | spike=0 extreme=0 | corr_break=NO | z={'SPY': -0.8140056265482575, 'QQQ': -0.9429429067346039, 'VIX': -0.11871076858434274, 'DXY': -0.7718816475430088, 'WTI': -0.7609214955374255}
[2026-04-27 10:39:28] NO_ALERT | SEW=STABLE | EVENT=NORMAL | Exp=85% | spike=0 extreme=0 | corr_break=NO | z={'SPY': -0.8140056265482575, 'QQQ': -0.9429429067346039, 'VIX': -0.800627054380529, 'DXY': -0.7718816475430088, 'WTI': -0.7609214955374255}
[2026-04-27 10:49:29] NO_ALERT | SEW=STABLE | EVENT=NORMAL | Exp=85% | spike=0 extreme=0 | corr_break=NO | z={'SPY': -0.8140056265482575, 'QQQ': -0.9429429067346039, 'VIX': -1.0080688379015428, 'DXY': -0.7718816475430088, 'WTI': -0.7609214955374255}
[2026-04-27 10:54:00] NO_ALERT | SEW=STABLE | EVENT=NORMAL | Exp=85% | spike=0 extreme=0 | corr_break=NO | z={'SPY': -0.8140056265482575, 'QQQ': -0.9429429067346039, 'VIX': -0.9139495956185599, 'DXY': -0.7718816475430088, 'WTI': -0.7609214955374255}
[2026-04-27 11:09:28] NO_ALERT | SEW=STABLE | EVENT=NORMAL | Exp=85% | spike=0 extreme=0 | corr_break=NO | z={'SPY': -0.8140056265482575, 'QQQ': -0.9429429067346039, 'VIX': 0.2145194368495863, 'DXY': -0.7718816475430088, 'WTI': -0.7609214955374255}
[2026-04-27 11:21:56] NO_ALERT | SEW=STABLE | EVENT=NORMAL | Exp=85% | spike=0 extreme=0 | corr_break=NO | z={'SPY': -0.8140056265482575, 'QQQ': -0.9429429067346039, 'VIX': 0.26971004849833075, 'DXY': -0.7718816475430088, 'WTI': -0.7609214955374255}
[2026-04-27 11:27:18] NO_ALERT | SEW=STABLE | EVENT=NORMAL | Exp=85% | spike=0 extreme=0 | corr_break=NO | z={'SPY': -0.8140056265482575, 'QQQ': -0.9429429067346039, 'VIX': 0.20655624757065966, 'DXY': -0.7718816475430088, 'WTI': -0.7609214955374255}
[2026-04-27 11:36:48] NO_ALERT | SEW=STABLE | EVENT=NORMAL | Exp=85% | spike=0 extreme=0 | corr_break=NO | z={'SPY': -0.8140056265482575, 'QQQ': -0.9429429067346039, 'VIX': 1.0334704835256177, 'DXY': -0.7718816475430088, 'WTI': -0.7609214955374255}
[2026-04-27 11:50:02] NO_ALERT | SEW=STABLE | EVENT=NORMAL | Exp=85% | spike=0 extreme=0 | corr_break=NO | z={'SPY': -0.8140056265482575, 'QQQ': -0.9429429067346039, 'VIX': 0.38391933053399774, 'DXY': -0.7718816475430088, 'WTI': -0.7609214955374255}
[2026-04-27 11:57:36] NO_ALERT | SEW=STABLE | EVENT=NORMAL | Exp=85% | spike=0 extreme=0 | corr_break=NO | z={'SPY': -0.8140056265482575, 'QQQ': -0.9429429067346039, 'VIX': 0.9895275312463295, 'DXY': -0.7718816475430088, 'WTI': -0.7609214955374255}
[2026-04-27 12:02:43] NO_ALERT | SEW=STABLE | EVENT=NORMAL | Exp=85% | spike=0 extreme=0 | corr_break=NO | z={'SPY': -0.8140056265482575, 'QQQ': -0.9429429067346039, 'VIX': -0.27009149633573887, 'DXY': -0.7718816475430088, 'WTI': -0.7609214955374255}
[2026-04-27 12:07:09] NO_ALERT | SEW=STABLE | EVENT=NORMAL | Exp=85% | spike=0 extreme=0 | corr_break=NO | z={'SPY': -0.8140056265482575, 'QQQ': -0.9429429067346039, 'VIX': 1.2623291291146865, 'DXY': -0.7718816475430088, 'WTI': -0.7609214955374255}
[2026-04-27 12:16:04] NO_ALERT | SEW=STABLE | EVENT=NORMAL | Exp=85% | spike=0 extreme=0 | corr_break=NO | z={'SPY': -0.8140056265482575, 'QQQ': -0.9429429067346039, 'VIX': -0.44690515784978274, 'DXY': -0.7718816475430088, 'WTI': -0.7609214955374255}
[2026-04-27 12:26:02] NO_ALERT | SEW=STABLE | EVENT=NORMAL | Exp=85% | spike=0 extreme=0 | corr_break=NO | z={'SPY': -0.8140056265482575, 'QQQ': -0.9429429067346039, 'VIX': -0.5996548100505019, 'DXY': -0.7718816475430088, 'WTI': -0.7609214955374255}
[2026-04-27 12:31:09] NO_ALERT | SEW=STABLE | EVENT=NORMAL | Exp=85% | spike=0 extreme=0 | corr_break=NO | z={'SPY': -0.8140056265482575, 'QQQ': -0.9429429067346039, 'VIX': 1.5747348530502212, 'DXY': -0.7718816475430088, 'WTI': -0.7609214955374255}
[2026-04-28 04:33:43] NO_ALERT | SEW=STABLE | EVENT=NORMAL | Exp=85% | spike=0 extreme=0 | corr_break=NO | z={'SPY': -0.05947052982595835, 'QQQ': 0.691385280518683, 'VIX': -0.8627072034673635, 'DXY': 0.631184743212405, 'WTI': -0.896951154743009}
[2026-04-28 05:13:29] NO_ALERT | SEW=STABLE | EVENT=NORMAL | Exp=85% | spike=0 extreme=0 | corr_break=NO | z={'SPY': -0.05947052982595835, 'QQQ': 0.691385280518683, 'VIX': -0.8627072034673635, 'DXY': 0.631184743212405, 'WTI': -0.896951154743009}
[2026-04-28 11:52:06] NO_ALERT | SEW=STABLE | EVENT=NORMAL | Exp=85% | spike=0 extreme=0 | corr_break=NO | z={'SPY': -0.05947052982595835, 'QQQ': 0.691385280518683, 'VIX': -0.24663581674311688, 'DXY': 0.631184743212405, 'WTI': -0.896951154743009}
[2026-04-28 12:31:25] NO_ALERT | SEW=STABLE | EVENT=NORMAL | Exp=85% | spike=0 extreme=0 | corr_break=NO | z={'SPY': -0.05947052982595835, 'QQQ': 0.691385280518683, 'VIX': -0.7259768270485571, 'DXY': 0.631184743212405, 'WTI': -0.896951154743009}
[2026-04-29 04:28:57] NO_ALERT | SEW=STABLE | EVENT=NORMAL | Exp=85% | spike=0 extreme=0 | corr_break=NO | z={'SPY': 0.03236376004156754, 'QQQ': 0.010153558082809478, 'VIX': 0.6127736356067107, 'DXY': 2.2683894229716293, 'WTI': -0.05469338765794635}
[2026-04-29 07:01:54] NO_ALERT | SEW=STABLE | EVENT=NORMAL | Exp=85% | spike=0 extreme=0 | corr_break=NO | z={'SPY': 0.03236376004156754, 'QQQ': 0.010153558082809478, 'VIX': 0.6127736356067107, 'DXY': 2.2683894229716293, 'WTI': -0.05469338765794635}
[2026-04-29 15:15:31] NO_ALERT | SEW=STABLE | EVENT=NORMAL | Exp=85% | spike=0 extreme=0 | corr_break=NO | z={'SPY': -0.22895742351447865, 'QQQ': -0.42122896259100107, 'VIX': 0.07227316680071685, 'DXY': 0.6290317868484274, 'WTI': -0.3037552862749623}
[2026-04-30 04:32:10] NO_ALERT | SEW=STABLE | EVENT=NORMAL | Exp=85% | spike=1 extreme=0 | corr_break=NO | z={'SPY': 1.0444925057675332, 'QQQ': 1.4160788083656695, 'VIX': 3.2328029973750954, 'DXY': -0.08539326907453158, 'WTI': 0.1489723024506914}
[2026-04-30 05:09:11] NO_ALERT | SEW=STABLE | EVENT=NORMAL | Exp=85% | spike=1 extreme=0 | corr_break=NO | z={'SPY': 1.0463550562621755, 'QQQ': 1.4471193841416021, 'VIX': 3.2328029973750954, 'DXY': -0.08539326907453158, 'WTI': 0.1489723024506914}
[2026-04-30 05:14:24] NO_ALERT | SEW=STABLE | EVENT=NORMAL | Exp=85% | spike=1 extreme=0 | corr_break=NO | z={'SPY': 1.0444925057675332, 'QQQ': 1.4160788083656695, 'VIX': 3.2328029973750954, 'DXY': -0.08539326907453158, 'WTI': 0.1489723024506914}
[2026-04-30 05:27:47] NO_ALERT | SEW=STABLE | EVENT=NORMAL | Exp=85% | spike=1 extreme=0 | corr_break=NO | z={'SPY': 1.0444925057675332, 'QQQ': 1.4160788083656695, 'VIX': 3.2328029973750954, 'DXY': -0.08539326907453158, 'WTI': 0.1489723024506914}
[2026-04-30 05:41:05] NO_ALERT | SEW=STABLE | EVENT=NORMAL | Exp=85% | spike=1 extreme=0 | corr_break=NO | z={'SPY': 1.0463550562621755, 'QQQ': 1.4471193841416021, 'VIX': 3.2328029973750954, 'DXY': -0.08539326907453158, 'WTI': 0.1489723024506914}
[2026-04-30 05:44:24] NO_ALERT | SEW=STABLE | EVENT=NORMAL | Exp=85% | spike=1 extreme=0 | corr_break=NO | z={'SPY': 1.0463550562621755, 'QQQ': 1.4471193841416021, 'VIX': 3.2328029973750954, 'DXY': -0.08539326907453158, 'WTI': 0.1489723024506914}
[2026-05-01 04:46:27] NO_ALERT | SEW=STABLE | EVENT=NORMAL | Exp=85% | spike=1 extreme=0 | corr_break=NO | z={'SPY': -2.970383368502186, 'QQQ': -1.918737006399375, 'VIX': -0.050709092664569445, 'DXY': 1.4233200656669696, 'WTI': 0.7687430493376346}
[2026-05-01 12:19:33] NO_ALERT | SEW=STABLE | EVENT=NORMAL | Exp=85% | spike=1 extreme=0 | corr_break=NO | z={'SPY': -2.970383368502186, 'QQQ': -1.918737006399375, 'VIX': -0.8933799586554438, 'DXY': 1.4233200656669696, 'WTI': 0.7687430493376346}
[2026-05-02 04:17:06] NO_ALERT | SEW=STABLE | EVENT=NORMAL | Exp=85% | spike=0 extreme=0 | corr_break=NO | z={'SPY': -1.8576686907801667, 'QQQ': -0.5678921820370717, 'VIX': 0.36263196121917785, 'DXY': 0.6947755781892475, 'WTI': -0.7494863914676864}
[2026-05-02 13:13:25] NO_ALERT | SEW=STABLE | EVENT=NORMAL | Exp=85% | spike=0 extreme=0 | corr_break=NO | z={'SPY': -1.8576686907801667, 'QQQ': -0.5678921820370717, 'VIX': 0.36263196121917785, 'DXY': 0.6947755781892475, 'WTI': -0.7494863914676864}
[2026-05-02 14:06:24] NO_ALERT | SEW=STABLE | EVENT=NORMAL | Exp=85% | spike=0 extreme=0 | corr_break=NO | z={'SPY': -1.8576686907801667, 'QQQ': -0.5678921820370717, 'VIX': 0.36263196121917785, 'DXY': 0.6947755781892475, 'WTI': -0.7494863914676864}
[2026-05-02 14:41:05] NO_ALERT | SEW=STABLE | EVENT=NORMAL | Exp=85% | spike=0 extreme=0 | corr_break=NO | z={'SPY': -1.8576686907801667, 'QQQ': -0.5678921820370717, 'VIX': 0.36263196121917785, 'DXY': 0.6947755781892475, 'WTI': -0.7494863914676864}
[2026-05-02 14:52:49] NO_ALERT | SEW=STABLE | EVENT=NORMAL | Exp=85% | spike=0 extreme=0 | corr_break=NO | z={'SPY': -1.8576686907801667, 'QQQ': -0.5678921820370717, 'VIX': 0.36263196121917785, 'DXY': 0.6947755781892475, 'WTI': -0.7494863914676864}
[2026-05-02 15:26:33] NO_ALERT | SEW=STABLE | EVENT=NORMAL | Exp=85% | spike=0 extreme=0 | corr_break=NO | z={'SPY': -1.8576686907801667, 'QQQ': -0.5678921820370717, 'VIX': 0.36263196121917785, 'DXY': 0.6947755781892475, 'WTI': -0.7494863914676864}
[2026-05-02 15:47:16] NO_ALERT | SEW=STABLE | EVENT=NORMAL | Exp=85% | spike=0 extreme=0 | corr_break=NO | z={'SPY': -1.8576686907801667, 'QQQ': -0.5678921820370717, 'VIX': 0.36263196121917785, 'DXY': 0.6947755781892475, 'WTI': -0.7494863914676864}
[2026-05-03 04:38:44] NO_ALERT | SEW=STABLE | EVENT=NORMAL | Exp=85% | spike=0 extreme=0 | corr_break=NO | z={'SPY': -1.8576686907801667, 'QQQ': -0.5678921820370717, 'VIX': 0.36263196121917785, 'DXY': 0.6947755781892475, 'WTI': -0.7494863914676864}
[2026-05-03 07:53:53] NO_ALERT | SEW=STABLE | EVENT=NORMAL | Exp=85% | spike=0 extreme=0 | corr_break=NO | z={'SPY': -1.8576686907801667, 'QQQ': -0.5678921820370717, 'VIX': 0.36263196121917785, 'DXY': 0.6947755781892475, 'WTI': -0.7494863914676864}
[2026-05-03 08:37:05] NO_ALERT | SEW=STABLE | EVENT=NORMAL | Exp=85% | spike=0 extreme=0 | corr_break=NO | z={'SPY': -1.8576686907801667, 'QQQ': -0.5678921820370717, 'VIX': 0.36263196121917785, 'DXY': 0.6947755781892475, 'WTI': -0.7494863914676864}
[2026-05-03 09:22:13] NO_ALERT | SEW=STABLE | EVENT=NORMAL | flow=N/A->NO CLEAR FLOW | flow_alert=NONE | Exp=85% | spike=0 extreme=0 | corr_break=NO | z={'SPY': -1.8576686907801667, 'QQQ': -0.5678921820370717, 'VIX': 0.36263196121917785, 'DXY': 0.6947755781892475, 'WTI': -0.7494863914676864}
[2026-05-03 09:46:28] NO_ALERT | SEW=STABLE | EVENT=NORMAL | flow=NO CLEAR FLOW->NO CLEAR FLOW | flow_alert=NONE | Exp=85% | spike=0 extreme=0 | corr_break=NO | z={'SPY': -1.8576686907801667, 'QQQ': -0.5678921820370717, 'VIX': 0.36263196121917785, 'DXY': 0.6947755781892475, 'WTI': -0.7494863914676864}
[2026-05-03 10:03:01] NO_ALERT | SEW=STABLE | EVENT=NORMAL | flow=NO CLEAR FLOW->NO CLEAR FLOW | flow_alert=NONE | Exp=85% | spike=0 extreme=0 | corr_break=NO | z={'SPY': -1.8576686907801667, 'QQQ': -0.5678921820370717, 'VIX': 0.36263196121917785, 'DXY': 0.6947755781892475, 'WTI': -0.7494863914676864}
[2026-05-03 10:14:42] NO_ALERT | SEW=STABLE | EVENT=NORMAL | flow=NO CLEAR FLOW->NO CLEAR FLOW | flow_alert=NONE | Exp=85% | spike=0 extreme=0 | corr_break=NO | z={'SPY': -1.8576686907801667, 'QQQ': -0.5678921820370717, 'VIX': 0.36263196121917785, 'DXY': 0.6947755781892475, 'WTI': -0.7494863914676864}
[2026-05-03 10:35:53] NO_ALERT | SEW=STABLE | EVENT=NORMAL | flow=NO CLEAR FLOW->NO CLEAR FLOW | flow_alert=NONE | Exp=85% | spike=0 extreme=0 | corr_break=NO | z={'SPY': -1.8576686907801667, 'QQQ': -0.5678921820370717, 'VIX': 0.36263196121917785, 'DXY': 0.6947755781892475, 'WTI': -0.7494863914676864}
[2026-05-03 10:41:00] NO_ALERT | SEW=STABLE | EVENT=NORMAL | flow=NO CLEAR FLOW->NO CLEAR FLOW | flow_alert=NONE | Exp=85% | spike=0 extreme=0 | corr_break=NO | z={'SPY': -1.8576686907801667, 'QQQ': -0.5678921820370717, 'VIX': 0.36263196121917785, 'DXY': 0.6947755781892475, 'WTI': -0.7494863914676864}
[2026-05-03 10:48:13] NO_ALERT | SEW=STABLE | EVENT=NORMAL | flow=NO CLEAR FLOW->NO CLEAR FLOW | flow_alert=NONE | Exp=85% | spike=0 extreme=0 | corr_break=NO | z={'SPY': -1.8576686907801667, 'QQQ': -0.5678921820370717, 'VIX': 0.36263196121917785, 'DXY': 0.6947755781892475, 'WTI': -0.7494863914676864}
[2026-05-03 11:13:31] NO_ALERT | SEW=STABLE | EVENT=NORMAL | flow=NO CLEAR FLOW->NO CLEAR FLOW | flow_alert=NONE | Exp=85% | spike=0 extreme=0 | corr_break=NO | z={'SPY': -1.8576686907801667, 'QQQ': -0.5678921820370717, 'VIX': 0.36263196121917785, 'DXY': 0.6947755781892475, 'WTI': -0.7494863914676864}
[2026-05-03 11:42:44] NO_ALERT | SEW=STABLE | EVENT=NORMAL | flow=NO CLEAR FLOW->NO CLEAR FLOW | flow_alert=NONE | Exp=85% | spike=0 extreme=0 | corr_break=NO | z={'SPY': -1.8576686907801667, 'QQQ': -0.5678921820370717, 'VIX': 0.36263196121917785, 'DXY': 0.6947755781892475, 'WTI': -0.7494863914676864}
[2026-05-03 11:56:11] NO_ALERT | SEW=STABLE | EVENT=NORMAL | flow=NO CLEAR FLOW->NO CLEAR FLOW | flow_alert=NONE | Exp=85% | spike=0 extreme=0 | corr_break=NO | z={'SPY': -1.8576686907801667, 'QQQ': -0.5678921820370717, 'VIX': 0.36263196121917785, 'DXY': 0.6947755781892475, 'WTI': -0.7494863914676864}
[2026-05-03 12:09:17] NO_ALERT | SEW=STABLE | EVENT=NORMAL | flow=NO CLEAR FLOW->NO CLEAR FLOW | flow_alert=NONE | Exp=85% | spike=0 extreme=0 | corr_break=NO | z={'SPY': -1.8576686907801667, 'QQQ': -0.5678921820370717, 'VIX': 0.36263196121917785, 'DXY': 0.6947755781892475, 'WTI': -0.7494863914676864}
[2026-05-03 12:47:36] NO_ALERT | SEW=STABLE | EVENT=NORMAL | flow=NO CLEAR FLOW->NO CLEAR FLOW | flow_alert=NONE | Exp=85% | spike=0 extreme=0 | corr_break=NO | z={'SPY': -1.8576686907801667, 'QQQ': -0.5678921820370717, 'VIX': 0.36263196121917785, 'DXY': 0.6947755781892475, 'WTI': -0.7494863914676864}
[2026-05-03 12:54:07] NO_ALERT | SEW=STABLE | EVENT=NORMAL | flow=NO CLEAR FLOW->NO CLEAR FLOW | flow_alert=NONE | Exp=85% | spike=0 extreme=0 | corr_break=NO | z={'SPY': -1.8576686907801667, 'QQQ': -0.5678921820370717, 'VIX': 0.36263196121917785, 'DXY': 0.6947755781892475, 'WTI': -0.7494863914676864}
[2026-05-03 13:20:30] NO_ALERT | SEW=STABLE | EVENT=NORMAL | flow=NO CLEAR FLOW->NO CLEAR FLOW | flow_alert=NONE | Exp=85% | spike=0 extreme=0 | corr_break=NO | z={'SPY': -1.8576686907801667, 'QQQ': -0.5678921820370717, 'VIX': 0.36263196121917785, 'DXY': 0.6947755781892475, 'WTI': -0.7494863914676864}
[2026-05-03 13:36:14] NO_ALERT | SEW=STABLE | EVENT=NORMAL | flow=NO CLEAR FLOW->NO CLEAR FLOW | flow_alert=NONE | Exp=85% | spike=0 extreme=0 | corr_break=NO | z={'SPY': -1.8576686907801667, 'QQQ': -0.5678921820370717, 'VIX': 0.36263196121917785, 'DXY': 0.6947755781892475, 'WTI': -0.7494863914676864}
[2026-05-04 04:38:28] NO_ALERT | SEW=STABLE | EVENT=NORMAL | flow=NO CLEAR FLOW->NO CLEAR FLOW | flow_alert=NONE | Exp=85% | spike=0 extreme=0 | corr_break=NO | z={'SPY': -1.8576686907801667, 'QQQ': -0.5678921820370717, 'VIX': 0.36263196121917785, 'DXY': 0.6947755781892475, 'WTI': -0.7494863914676864}
[2026-05-04 07:35:52] ALERT | SEW=STABLE | EVENT=NORMAL | flow=NO CLEAR FLOW->👀 EARLY TRACE | flow_alert=CHANGE | Exp=85% | Normal Operation | spike=0 extreme=0 | corr_break=NO | z={'SPY': -1.8576686907801667, 'QQQ': -0.5678921820370717, 'VIX': 0.12907596377473612, 'DXY': 0.6947755781892475, 'WTI': -0.7494863914676864}
[2026-05-04 07:46:36] ALERT | SEW=STABLE | EVENT=NORMAL | flow=👀 EARLY TRACE->NO CLEAR FLOW | flow_alert=FADE | Exp=85% | Normal Operation | spike=0 extreme=0 | corr_break=NO | z={'SPY': -1.8576686907801667, 'QQQ': -0.5678921820370717, 'VIX': -0.05407742597617572, 'DXY': 0.6947755781892475, 'WTI': -0.7494863914676864}
[2026-05-04 07:59:27] NO_ALERT | SEW=STABLE | EVENT=NORMAL | flow=NO CLEAR FLOW->NO CLEAR FLOW | flow_alert=NONE | Exp=85% | spike=0 extreme=0 | corr_break=NO | z={'SPY': -1.8576686907801667, 'QQQ': -0.5678921820370717, 'VIX': -0.5123960997528451, 'DXY': 0.6947755781892475, 'WTI': -0.7494863914676864}
[2026-05-04 08:11:26] NO_ALERT | SEW=STABLE | EVENT=NORMAL | flow=NO CLEAR FLOW->NO CLEAR FLOW | flow_alert=NONE | Exp=85% | spike=0 extreme=0 | corr_break=NO | z={'SPY': -1.8576686907801667, 'QQQ': -0.5678921820370717, 'VIX': -0.2125580197794989, 'DXY': 0.6947755781892475, 'WTI': -0.7494863914676864}
[2026-05-04 08:17:34] NO_ALERT | SEW=STABLE | EVENT=NORMAL | flow=NO CLEAR FLOW->NO CLEAR FLOW | flow_alert=NONE | Exp=85% | spike=0 extreme=0 | corr_break=NO | z={'SPY': -1.8576686907801667, 'QQQ': -0.5678921820370717, 'VIX': 0.07971473118227214, 'DXY': 0.6947755781892475, 'WTI': -0.7494863914676864}
[2026-05-04 11:36:00] ALERT | SEW=STABLE | EVENT=NORMAL | flow=NO CLEAR FLOW->👀 EARLY TRACE | flow_alert=CHANGE | Exp=85% | Normal Operation | spike=0 extreme=0 | corr_break=NO | z={'SPY': -1.8576686907801667, 'QQQ': -0.5678921820370717, 'VIX': -0.2422438279521587, 'DXY': 0.6947755781892475, 'WTI': -0.7494863914676864}
[2026-05-04 11:49:16] ALERT | SEW=STABLE | EVENT=NORMAL | flow=👀 EARLY TRACE->NO CLEAR FLOW | flow_alert=FADE | Exp=85% | Normal Operation | spike=0 extreme=0 | corr_break=NO | z={'SPY': -1.8576686907801667, 'QQQ': -0.5678921820370717, 'VIX': -0.0051077648610684916, 'DXY': 0.6947755781892475, 'WTI': -0.7494863914676864}
[2026-05-04 12:03:17] NO_ALERT | SEW=STABLE | EVENT=NORMAL | flow=NO CLEAR FLOW->NO CLEAR FLOW | flow_alert=NONE | Exp=85% | spike=0 extreme=0 | corr_break=NO | z={'SPY': -1.8576686907801667, 'QQQ': -0.5678921820370717, 'VIX': -0.1704344258815843, 'DXY': 0.6947755781892475, 'WTI': -0.7494863914676864}
[2026-05-04 12:14:50] ALERT | SEW=STABLE | EVENT=NORMAL | flow=NO CLEAR FLOW->👀 EARLY TRACE | flow_alert=CHANGE | Exp=85% | Normal Operation | spike=0 extreme=0 | corr_break=NO | z={'SPY': -1.8576686907801667, 'QQQ': -0.5678921820370717, 'VIX': -0.2967363363185858, 'DXY': 0.6947755781892475, 'WTI': -0.7494863914676864}
[2026-05-04 12:20:04] ALERT | SEW=STABLE | EVENT=NORMAL | flow=👀 EARLY TRACE->NO CLEAR FLOW | flow_alert=FADE | Exp=85% | Normal Operation | spike=0 extreme=0 | corr_break=NO | z={'SPY': -1.8576686907801667, 'QQQ': -0.5678921820370717, 'VIX': 0.4219866819404106, 'DXY': 0.6947755781892475, 'WTI': -0.7494863914676864}
[2026-05-04 12:24:24] ALERT | SEW=STABLE | EVENT=NORMAL | flow=NO CLEAR FLOW->👀 EARLY TRACE | flow_alert=CHANGE | Exp=85% | Normal Operation | spike=0 extreme=0 | corr_break=NO | z={'SPY': -1.8576686907801667, 'QQQ': -0.5678921820370717, 'VIX': 0.08275078917466716, 'DXY': 0.6947755781892475, 'WTI': -0.7494863914676864}
[2026-05-04 12:31:45] NO_ALERT | SEW=STABLE | EVENT=NORMAL | flow=👀 EARLY TRACE->👀 EARLY TRACE | flow_alert=NONE | Exp=85% | spike=0 extreme=0 | corr_break=NO | z={'SPY': -1.8576686907801667, 'QQQ': -0.5678921820370717, 'VIX': -0.6614956425140097, 'DXY': 0.6947755781892475, 'WTI': -0.7494863914676864}
[2026-05-04 12:48:07] ALERT | SEW=STABLE | EVENT=NORMAL | flow=👀 EARLY TRACE->NO CLEAR FLOW | flow_alert=FADE | Exp=85% | Normal Operation | spike=0 extreme=0 | corr_break=NO | z={'SPY': -1.8576686907801667, 'QQQ': -0.5678921820370717, 'VIX': 0.6145484545696791, 'DXY': 0.6947755781892475, 'WTI': -0.7494863914676864}
[2026-05-04 13:00:09] NO_ALERT | SEW=STABLE | EVENT=NORMAL | flow=NO CLEAR FLOW->NO CLEAR FLOW | flow_alert=NONE | Exp=85% | spike=0 extreme=0 | corr_break=NO | z={'SPY': -1.8576686907801667, 'QQQ': -0.5678921820370717, 'VIX': 0.6596231857621169, 'DXY': 0.6947755781892475, 'WTI': -0.7494863914676864}
[2026-05-04 13:27:54] NO_ALERT | SEW=STABLE | EVENT=NORMAL | flow=NO CLEAR FLOW->NO CLEAR FLOW | flow_alert=NONE | Exp=85% | spike=0 extreme=0 | corr_break=NO | z={'SPY': -1.8576686907801667, 'QQQ': -0.5678921820370717, 'VIX': -0.04188945521431935, 'DXY': 0.6947755781892475, 'WTI': -0.7494863914676864}
[2026-05-04 13:48:25] NO_ALERT | SEW=STABLE | EVENT=NORMAL | flow=NO CLEAR FLOW->NO CLEAR FLOW | flow_alert=NONE | Exp=85% | spike=0 extreme=0 | corr_break=NO | z={'SPY': 1.5559800982234517, 'QQQ': 1.4094089632470703, 'VIX': 0.9221359278481082, 'DXY': -0.29660158388316044, 'WTI': 0.7706774209559184}
[2026-05-04 14:06:34] NO_ALERT | SEW=STABLE | EVENT=NORMAL | flow=NO CLEAR FLOW->NO CLEAR FLOW | flow_alert=NONE | Exp=85% | spike=0 extreme=0 | corr_break=NO | z={'SPY': 0.34668673699923547, 'QQQ': -0.09613815561704786, 'VIX': 0.2012198813721753, 'DXY': 0.9447080605150812, 'WTI': 0.11713138560477429}
[2026-05-04 14:19:12] NO_ALERT | SEW=STABLE | EVENT=NORMAL | flow=NO CLEAR FLOW->NO CLEAR FLOW | flow_alert=NONE | Exp=85% | spike=0 extreme=0 | corr_break=NO | z={'SPY': 1.0148360044499782, 'QQQ': 0.4638134538571045, 'VIX': -0.05589145343413088, 'DXY': -0.3930159076519626, 'WTI': -2.277799054574112}
[2026-05-04 14:29:25] NO_ALERT | SEW=STABLE | EVENT=NORMAL | flow=NO CLEAR FLOW->NO CLEAR FLOW | flow_alert=NONE | Exp=85% | spike=1 extreme=0 | corr_break=NO | z={'SPY': -0.017375921234098795, 'QQQ': -0.674182633007512, 'VIX': -2.5842107514377908, 'DXY': -0.9318053924489648, 'WTI': 1.0977111460539621}
[2026-05-04 14:36:40] NO_ALERT | SEW=STABLE | EVENT=NORMAL | flow=NO CLEAR FLOW->NO CLEAR FLOW | flow_alert=NONE | Exp=85% | spike=0 extreme=0 | corr_break=NO | z={'SPY': -0.017074397864325356, 'QQQ': -0.3616921784014253, 'VIX': -0.2082433140889778, 'DXY': -0.34111106808860986, 'WTI': 0.2600081106101487}
[2026-05-04 14:51:55] NO_ALERT | SEW=STABLE | EVENT=NORMAL | flow=NO CLEAR FLOW->NO CLEAR FLOW | flow_alert=NONE | Exp=85% | spike=0 extreme=0 | corr_break=NO | z={'SPY': 0.42225442756716597, 'QQQ': 0.16177375456111404, 'VIX': 0.7987960628738087, 'DXY': -0.1739633433979715, 'WTI': -0.36696651206002473}
[2026-05-04 14:56:12] NO_ALERT | SEW=STABLE | EVENT=NORMAL | flow=NO CLEAR FLOW->NO CLEAR FLOW | flow_alert=NONE | Exp=85% | spike=0 extreme=0 | corr_break=NO | z={'SPY': -0.07594171998150155, 'QQQ': -0.007553518803806931, 'VIX': 0.504459448649101, 'DXY': -0.261276399835423, 'WTI': -0.04538359479805722}
[2026-05-04 15:04:47] NO_ALERT | SEW=STABLE | EVENT=NORMAL | flow=NO CLEAR FLOW->NO CLEAR FLOW | flow_alert=NONE | Exp=85% | spike=0 extreme=0 | corr_break=NO | z={'SPY': 0.3437671869206503, 'QQQ': 0.5546673898594776, 'VIX': 0.9726255373429975, 'DXY': -0.22199918142685057, 'WTI': -0.3965801330014815}
[2026-05-04 15:09:27] NO_ALERT | SEW=STABLE | EVENT=NORMAL | flow=NO CLEAR FLOW->NO CLEAR FLOW | flow_alert=NONE | Exp=85% | spike=0 extreme=0 | corr_break=NO | z={'SPY': -0.7489808284359739, 'QQQ': -0.9524052578059299, 'VIX': 0.7264909145788215, 'DXY': -1.4215853424223166, 'WTI': 0.42239679129558916}
[2026-05-04 15:16:44] NO_ALERT | SEW=STABLE | EVENT=NORMAL | flow=NO CLEAR FLOW->NO CLEAR FLOW | flow_alert=NONE | Exp=85% | spike=0 extreme=0 | corr_break=NO | z={'SPY': 0.04189264128316531, 'QQQ': -0.07994390840173642, 'VIX': -0.3057908845570067, 'DXY': -1.2766944083870084, 'WTI': -0.43288106474057475}
[2026-05-04 15:27:28] NO_ALERT | SEW=STABLE | EVENT=NORMAL | flow=NO CLEAR FLOW->NO CLEAR FLOW | flow_alert=NONE | Exp=85% | spike=0 extreme=0 | corr_break=NO | z={'SPY': 1.3001671750844888, 'QQQ': 1.7216044342767933, 'VIX': 0.5759533636898384, 'DXY': 0.28683947265221077, 'WTI': -1.350279670560733}
[2026-05-04 15:31:17] NO_ALERT | SEW=STABLE | EVENT=NORMAL | flow=NO CLEAR FLOW->NO CLEAR FLOW | flow_alert=NONE | Exp=85% | spike=0 extreme=0 | corr_break=NO | z={'SPY': -0.2637320652025179, 'QQQ': -0.4561845450589316, 'VIX': -0.14818214468117671, 'DXY': -0.7887253692771445, 'WTI': 0.028049164262326225}
[2026-05-05 03:04:21] NO_ALERT | SEW=STABLE | EVENT=NORMAL | flow=NO CLEAR FLOW->NO CLEAR FLOW | flow_alert=NONE | Exp=85% | spike=0 extreme=0 | corr_break=NO | z={'SPY': 1.621732797705334, 'QQQ': 1.3497904312907165, 'VIX': -0.06539786974006569, 'DXY': 1.4331862921158585, 'WTI': 0.638973933200079}
[2026-05-05 04:14:37] NO_ALERT | SEW=STABLE | EVENT=NORMAL | flow=NO CLEAR FLOW->NO CLEAR FLOW | flow_alert=NONE | Exp=85% | spike=0 extreme=0 | corr_break=NO | z={'SPY': 1.621732797705334, 'QQQ': 1.3497904312907165, 'VIX': -0.06539786974006569, 'DXY': 1.4331862921158585, 'WTI': 0.638973933200079}
[2026-05-05 04:24:59] NO_ALERT | SEW=STABLE | EVENT=NORMAL | flow=NO CLEAR FLOW->NO CLEAR FLOW | flow_alert=NONE | Exp=85% | spike=0 extreme=0 | corr_break=NO | z={'SPY': 1.621732797705334, 'QQQ': 1.3497904312907165, 'VIX': -0.06539786974006569, 'DXY': 1.4331862921158585, 'WTI': 0.638973933200079}
[2026-05-05 05:47:30] ALERT | SEW=STABLE | EVENT=NORMAL | flow=NO CLEAR FLOW -> NO_FLOW_BASE | flow_delta=0 | persistence=0 | flow_alert=CHANGE | Exp=85% | Normal Operation | spike=0 extreme=0 | corr_break=NO | z={'SPY': 1.621732797705334, 'QQQ': 1.3497904312907165, 'VIX': -0.06539786974006569, 'DXY': 1.4331862921158585, 'WTI': 0.638973933200079}
[2026-05-05 08:00:46] NO_ALERT | SEW=STABLE | EVENT=NORMAL | flow=NO_FLOW_BASE->NO CLEAR FLOW | flow_alert=NONE | Exp=85% | spike=0 extreme=0 | corr_break=NO | z={'SPY': 1.621732797705334, 'QQQ': 1.3497904312907165, 'VIX': 0.17873081720368675, 'DXY': 1.4331862921158585, 'WTI': 0.638973933200079}
[2026-05-05 08:12:39] NO_ALERT | SEW=STABLE | EVENT=NORMAL | flow=NO_FLOW_BASE->NO CLEAR FLOW | flow_alert=NONE | Exp=85% | spike=0 extreme=0 | corr_break=NO | z={'SPY': 1.621732797705334, 'QQQ': 1.3497904312907165, 'VIX': 0.21225339846656882, 'DXY': 1.4331862921158585, 'WTI': 0.638973933200079}
[2026-05-05 12:04:00] NO_ALERT | SEW=STABLE | EVENT=NORMAL | flow=NO_FLOW_BASE->NO CLEAR FLOW | flow_alert=NONE | Exp=85% | spike=0 extreme=0 | corr_break=NO | z={'SPY': 1.621732797705334, 'QQQ': 1.3497904312907165, 'VIX': -0.3509279193104785, 'DXY': 1.4331862921158585, 'WTI': 0.638973933200079}
[2026-05-05 12:36:20] NO_ALERT | SEW=STABLE | EVENT=NORMAL | flow=NO_FLOW_BASE->NO CLEAR FLOW | flow_alert=NONE | Exp=85% | spike=0 extreme=0 | corr_break=NO | z={'SPY': 1.621732797705334, 'QQQ': 1.351933616076502, 'VIX': 0.28357296331309917, 'DXY': 1.4331862921158585, 'WTI': 0.638973933200079}
[2026-05-06 04:32:30] NO_ALERT | SEW=STABLE | EVENT=NORMAL | flow=NO_FLOW_BASE->NO CLEAR FLOW | flow_alert=NONE | Exp=85% | spike=0 extreme=0 | corr_break=NO | z={'SPY': 0.3507651489451836, 'QQQ': 1.9201325003870588, 'VIX': -1.632983503485664, 'DXY': -0.05987673532822519, 'WTI': -0.17842337262777788}
[2026-05-06 12:08:42] ALERT | SEW=STABLE | EVENT=NORMAL | flow=NO_FLOW_BASE -> EARLY_TRACE | flow_delta=3 | persistence=1 | flow_alert=CHANGE | Exp=85% | Normal Operation | spike=0 extreme=0 | corr_break=NO | z={'SPY': 0.3507651489451836, 'QQQ': 1.9201325003870588, 'VIX': 0.5841581580537185, 'DXY': -0.05987673532822519, 'WTI': -0.17842337262777788}
[2026-05-07 04:33:02] ALERT | SEW=STABLE | EVENT=NORMAL | flow=EARLY_TRACE -> TRACE_BUILDING | flow_delta=3 | persistence=2 | flow_alert=TRACE_BUILDING | Exp=85% | Normal Operation | spike=0 extreme=0 | corr_break=NO | z={'SPY': -2.4650908835633474, 'QQQ': 1.019613621940196, 'VIX': -1.0430410688395613, 'DXY': 1.1874288452409718, 'WTI': 0.8643161315991229}
[2026-05-07 12:48:45] ALERT | SEW=STABLE | EVENT=NORMAL | flow=TRACE_BUILDING -> FLOW_FADE | flow_delta=-3 | persistence=1 | flow_alert=FLOW_FADE | Exp=85% | Normal Operation | spike=0 extreme=0 | corr_break=NO | z={'SPY': -2.4650908835633474, 'QQQ': 1.019613621940196, 'VIX': -0.24185842055286821, 'DXY': 1.1874288452409718, 'WTI': 0.8643161315991229}
[2026-05-07 13:42:15] ALERT | SEW=STABLE | EVENT=NORMAL | flow=FLOW_FADE -> TRACE_BUILDING | flow_delta=1 | persistence=2 | flow_alert=TRACE_BUILDING | Exp=85% | Normal Operation | spike=0 extreme=0 | corr_break=NO | z={'SPY': -0.8590600458253956, 'QQQ': -1.3830136737392331, 'VIX': 0.7560358525362721, 'DXY': 0.22360706372305178, 'WTI': 0.14014814739988374}
[2026-05-08 04:14:46] ALERT | SEW=STABLE | EVENT=NORMAL | flow=TRACE_BUILDING -> FLOW_FADE | flow_delta=-3 | persistence=1 | flow_alert=FLOW_FADE | Exp=85% | Normal Operation | spike=0 extreme=0 | corr_break=NO | z={'SPY': 1.4205029600522276, 'QQQ': 0.9144757081424295, 'VIX': -0.23486381326448988, 'DXY': -0.07955142089917579, 'WTI': -0.47552673272153906}
[2026-05-09 04:21:16] ALERT | SEW=DEADMAN | EVENT=NORMAL | flow=FLOW_FADE -> NO_FLOW_BASE | flow_delta=-1 | persistence=0 | flow_alert=NONE | Exp=0% | 🚨 DEAD MAN'S SWITCH: POS_Z Extreme (2.13) | spike=0 extreme=0 | corr_break=NO | z={'SPY': 0.3491320667064861, 'QQQ': 0.5694943441311158, 'VIX': 0.6358953133332057, 'DXY': -6.143831223753569e-05, 'WTI': 0.6645642969160414}
[2026-05-10 04:10:35] ALERT | SEW=DEADMAN | EVENT=NORMAL | flow=NO_FLOW_BASE -> NO_FLOW_BASE | flow_delta=1 | persistence=0 | flow_alert=NONE | Exp=0% | 🚨 DEAD MAN'S SWITCH: POS_Z Extreme (2.05) | spike=0 extreme=0 | corr_break=NO | z={'SPY': 0.3491320667064861, 'QQQ': 0.5694943441311158, 'VIX': 0.6358953133332057, 'DXY': -6.143831223753569e-05, 'WTI': 0.6645642969160414}
[2026-05-10 04:42:19] ALERT | SEW=DEADMAN | EVENT=NORMAL | flow=NO_FLOW_BASE -> NO_FLOW_BASE | flow_delta=-1 | persistence=0 | flow_alert=NONE | Exp=0% | 🚨 DEAD MAN'S SWITCH: POS_Z Extreme (2.05) | spike=0 extreme=0 | corr_break=NO | z={'SPY': 0.3491320667064861, 'QQQ': 0.5694943441311158, 'VIX': 0.6358953133332057, 'DXY': -6.143831223753569e-05, 'WTI': 0.6645642969160414}
[2026-05-10 04:55:45] ALERT | SEW=DEADMAN | EVENT=NORMAL | flow=NO_FLOW_BASE -> NO_FLOW_BASE | flow_delta=0 | persistence=0 | flow_alert=NONE | Exp=0% | 🚨 DEAD MAN'S SWITCH: POS_Z Extreme (2.05) | spike=0 extreme=0 | corr_break=NO | z={'SPY': 0.3491320667064861, 'QQQ': 0.5694943441311158, 'VIX': 0.6358953133332057, 'DXY': -6.143831223753569e-05, 'WTI': 0.6645642969160414}
[2026-05-10 05:13:56] ALERT | SEW=DEADMAN | EVENT=NORMAL | flow=NO_FLOW_BASE -> NO_FLOW_BASE | flow_delta=0 | persistence=0 | flow_alert=NONE | Exp=0% | 🚨 DEAD MAN'S SWITCH: POS_Z Extreme (2.05) | spike=0 extreme=0 | corr_break=NO | z={'SPY': 0.3491320667064861, 'QQQ': 0.5694943441311158, 'VIX': 0.6358953133332057, 'DXY': -6.143831223753569e-05, 'WTI': 0.6645642969160414}
[2026-05-10 05:40:45] ALERT | SEW=DEADMAN | EVENT=NORMAL | flow=NO_FLOW_BASE -> NO_FLOW_BASE | flow_delta=0 | persistence=0 | flow_alert=NONE | Exp=0% | 🚨 DEAD MAN'S SWITCH: POS_Z Extreme (2.05) | spike=0 extreme=0 | corr_break=NO | z={'SPY': 0.3491320667064861, 'QQQ': 0.5694943441311158, 'VIX': 0.6358953133332057, 'DXY': -6.143831223753569e-05, 'WTI': 0.6645642969160414}
[2026-05-10 05:54:18] ALERT | SEW=DEADMAN | EVENT=NORMAL | flow=NO_FLOW_BASE -> NO_FLOW_BASE | flow_delta=0 | persistence=0 | flow_alert=NONE | Exp=0% | 🚨 DEAD MAN'S SWITCH: POS_Z Extreme (2.05) | spike=0 extreme=0 | corr_break=NO | z={'SPY': 0.3491320667064861, 'QQQ': 0.5694943441311158, 'VIX': 0.6358953133332057, 'DXY': -6.143831223753569e-05, 'WTI': 0.6645642969160414}
[2026-05-10 06:25:49] ALERT | SEW=DEADMAN | EVENT=NORMAL | flow=NO_FLOW_BASE -> NO_FLOW_BASE | flow_delta=0 | persistence=0 | flow_alert=NONE | Exp=0% | 🚨 DEAD MAN'S SWITCH: POS_Z Extreme (2.05) | spike=0 extreme=0 | corr_break=NO | z={'SPY': 0.3491320667064861, 'QQQ': 0.5694943441311158, 'VIX': 0.6358953133332057, 'DXY': -6.143831223753569e-05, 'WTI': 0.6645642969160414}
[2026-05-10 06:32:56] ALERT | SEW=DEADMAN | EVENT=NORMAL | flow=NO_FLOW_BASE -> NO_FLOW_BASE | flow_delta=0 | persistence=0 | flow_alert=NONE | Exp=0% | 🚨 DEAD MAN'S SWITCH: POS_Z Extreme (2.05) | spike=0 extreme=0 | corr_break=NO | z={'SPY': 0.3491320667064861, 'QQQ': 0.5694943441311158, 'VIX': 0.6358953133332057, 'DXY': -6.143831223753569e-05, 'WTI': 0.6645642969160414}
[2026-05-10 06:48:55] ALERT | SEW=DEADMAN | EVENT=NORMAL | flow=NO_FLOW_BASE -> NO_FLOW_BASE | flow_delta=0 | persistence=0 | flow_alert=NONE | Exp=0% | 🚨 DEAD MAN'S SWITCH: POS_Z Extreme (2.05) | spike=0 extreme=0 | corr_break=NO | z={'SPY': 0.3491320667064861, 'QQQ': 0.5694943441311158, 'VIX': 0.6358953133332057, 'DXY': -6.143831223753569e-05, 'WTI': 0.6645642969160414}
[2026-05-10 09:16:00] ALERT | SEW=DEADMAN | EVENT=NORMAL | flow=NO_FLOW_BASE -> NO_FLOW_BASE | flow_delta=0 | persistence=0 | flow_alert=NONE | Exp=0% | 🚨 DEAD MAN'S SWITCH: POS_Z Extreme (2.05) | spike=0 extreme=0 | corr_break=NO | z={'SPY': 0.3491320667064861, 'QQQ': 0.5694943441311158, 'VIX': 0.6358953133332057, 'DXY': -6.143831223753569e-05, 'WTI': 0.6645642969160414}
[2026-05-10 09:23:32] ALERT | SEW=DEADMAN | EVENT=NORMAL | flow=NO_FLOW_BASE -> NO_FLOW_BASE | flow_delta=0 | persistence=0 | flow_alert=NONE | Exp=0% | 🚨 DEAD MAN'S SWITCH: POS_Z Extreme (2.05) | spike=0 extreme=0 | corr_break=NO | z={'SPY': 0.3491320667064861, 'QQQ': 0.5694943441311158, 'VIX': 0.6358953133332057, 'DXY': -6.143831223753569e-05, 'WTI': 0.6645642969160414}
[2026-05-10 10:26:03] ALERT | SEW=DEADMAN | EVENT=NORMAL | flow=NO_FLOW_BASE -> NO_FLOW_BASE | flow_delta=0 | persistence=0 | flow_alert=NONE | Exp=0% | 🚨 DEAD MAN'S SWITCH: POS_Z Extreme (2.05) | spike=0 extreme=0 | corr_break=NO | z={'SPY': 0.3491320667064861, 'QQQ': 0.5694943441311158, 'VIX': 0.6358953133332057, 'DXY': -6.143831223753569e-05, 'WTI': 0.6645642969160414}
[2026-05-10 12:25:46] ALERT | SEW=RISK_COMPRESSION | EVENT=NORMAL | credit=UNKNOWN(N/A) | flow=NO_FLOW_BASE -> NO_FLOW_BASE | flow_delta=0 | persistence=0 | flow_alert=NONE | Exp=55% | ⚠️ CROWDING RISK: POS_Z Extreme (2.05) → Risk Compression (55%) | spike=0 extreme=0 | corr_break=NO | email=NO | z={'SPY': 0.3491320667064861, 'QQQ': 0.5694943441311158, 'VIX': 0.6358953133332057, 'DXY': -6.143831223753569e-05, 'WTI': 0.6645642969160414}
[2026-05-10 12:46:22] ALERT | SEW=RISK_COMPRESSION | EVENT=NORMAL | credit=UNKNOWN(N/A) | flow=NO_FLOW_BASE -> NO_FLOW_BASE | flow_delta=0 | persistence=0 | flow_alert=NONE | Exp=55% | ⚠️ CROWDING RISK: POS_Z Extreme (2.05) → Risk Compression (55%) | spike=0 extreme=0 | corr_break=NO | email=NO | z={'SPY': 0.3491320667064861, 'QQQ': 0.5694943441311158, 'VIX': 0.6358953133332057, 'DXY': -6.143831223753569e-05, 'WTI': 0.6645642969160414}
[2026-05-10 13:06:26] ALERT | SEW=RISK_COMPRESSION | EVENT=NORMAL | credit=UNKNOWN(N/A) | flow=NO_FLOW_BASE -> NO_FLOW_BASE | flow_delta=0 | persistence=0 | flow_alert=NONE | Exp=55% | ⚠️ CROWDING RISK: POS_Z Extreme (2.05) → Risk Compression (55%) | spike=0 extreme=0 | corr_break=NO | email=NO | z={'SPY': 0.3491320667064861, 'QQQ': 0.5694943441311158, 'VIX': 0.6358953133332057, 'DXY': -6.143831223753569e-05, 'WTI': 0.6645642969160414}
[2026-05-10 13:13:29] ALERT | SEW=RISK_COMPRESSION | EVENT=NORMAL | credit=UNKNOWN(N/A) | flow=NO_FLOW_BASE -> NO_FLOW_BASE | flow_delta=0 | persistence=0 | flow_alert=NONE | Exp=55% | ⚠️ CROWDING RISK: POS_Z Extreme (2.05) → Risk Compression (55%) | spike=0 extreme=0 | corr_break=NO | email=NO | z={'SPY': 0.3491320667064861, 'QQQ': 0.5694943441311158, 'VIX': 0.6358953133332057, 'DXY': -6.143831223753569e-05, 'WTI': 0.6645642969160414}
[2026-05-11 04:57:00] ALERT | SEW=RISK_COMPRESSION | EVENT=NORMAL | credit=UNKNOWN(N/A) | flow=NO_FLOW_BASE -> NO_FLOW_BASE | flow_delta=0 | persistence=0 | flow_alert=NONE | Exp=55% | ⚠️ CROWDING RISK: POS_Z Extreme (2.05) → Risk Compression (55%) | spike=0 extreme=0 | corr_break=NO | email=NO | z={'SPY': 0.3491320667064861, 'QQQ': 0.5694943441311158, 'VIX': 0.6358953133332057, 'DXY': -6.143831223753569e-05, 'WTI': 0.6645642969160414}
[2026-05-11 14:58:11] ALERT | SEW=RISK_COMPRESSION | EVENT=NORMAL | credit=UNKNOWN(N/A) | flow=NO_FLOW_BASE -> NO_FLOW_BASE | flow_delta=0 | persistence=0 | flow_alert=NONE | Exp=55% | ⚠️ CROWDING RISK: POS_Z Extreme (2.05) → Risk Compression (55%) | spike=0 extreme=0 | corr_break=NO | email=NO | z={'SPY': -0.7374850521366157, 'QQQ': -0.46871611592853957, 'VIX': -0.6387219070483408, 'DXY': -0.1338703666690206, 'WTI': -0.12687473938576652}
[2026-05-11 15:05:24] ALERT | SEW=RISK_COMPRESSION | EVENT=NORMAL | credit=UNKNOWN(N/A) | flow=NO_FLOW_BASE -> NO_FLOW_BASE | flow_delta=0 | persistence=0 | flow_alert=NONE | Exp=55% | ⚠️ CROWDING RISK: POS_Z Extreme (2.05) → Risk Compression (55%) | spike=0 extreme=0 | corr_break=NO | email=NO | z={'SPY': -0.5184989684165796, 'QQQ': -0.19059752599916857, 'VIX': -0.13076888645569631, 'DXY': -0.24823858888420114, 'WTI': -0.1459445819309376}
[2026-05-11 15:12:37] ALERT | SEW=RISK_COMPRESSION | EVENT=NORMAL | credit=UNKNOWN(N/A) | flow=NO_FLOW_BASE -> NO_FLOW_BASE | flow_delta=0 | persistence=0 | flow_alert=NONE | Exp=55% | ⚠️ CROWDING RISK: POS_Z Extreme (2.05) → Risk Compression (55%) | spike=0 extreme=0 | corr_break=NO | email=NO | z={'SPY': -0.8453511262259906, 'QQQ': -0.495358208451407, 'VIX': 0.24770121809519347, 'DXY': -0.6847476178311859, 'WTI': -0.12164220044118076}
[2026-05-11 23:20:39] ALERT | SEW=RISK_COMPRESSION | EVENT=NORMAL | credit=UNKNOWN(N/A) | flow=NO_FLOW_BASE -> NO_FLOW_BASE | flow_delta=0 | persistence=0 | flow_alert=NONE | Exp=55% | ⚠️ CROWDING RISK: POS_Z Extreme (2.05) → Risk Compression (55%) | spike=0 extreme=0 | corr_break=NO | email=NO | z={'SPY': 1.1192847061051316, 'QQQ': 0.7358225409597566, 'VIX': -0.6926094899019319, 'DXY': -1.1113659325582466, 'WTI': 0.5178281784740422}
[2026-05-11 23:47:01] ALERT | SEW=RISK_COMPRESSION | EVENT=NORMAL | credit=UNKNOWN(N/A) | flow=NO_FLOW_BASE -> NO_FLOW_BASE | flow_delta=0 | persistence=0 | flow_alert=NONE | Exp=55% | ⚠️ CROWDING RISK: POS_Z Extreme (2.25) → Risk Compression (55%) | spike=0 extreme=0 | corr_break=NO | email=NO | z={'SPY': 1.1192847061051316, 'QQQ': 0.7358225409597566, 'VIX': -0.6926094899019319, 'DXY': -1.1113659325582466, 'WTI': 0.5178281784740422}
[2026-05-11 23:56:45] ALERT | SEW=RISK_COMPRESSION | EVENT=NORMAL | credit=UNKNOWN(N/A) | flow=NO_FLOW_BASE -> NO_FLOW_BASE | flow_delta=0 | persistence=0 | flow_alert=NONE | Exp=55% | ⚠️ CROWDING RISK: POS_Z Extreme (2.25) → Risk Compression (55%) | spike=0 extreme=0 | corr_break=NO | email=NO | z={'SPY': 1.1192847061051316, 'QQQ': 0.7358225409597566, 'VIX': -0.6926094899019319, 'DXY': -1.1113659325582466, 'WTI': 0.5178281784740422}
[2026-05-12 00:17:00] ALERT | SEW=RISK_COMPRESSION | EVENT=NORMAL | credit=UNKNOWN(N/A) | flow=NO_FLOW_BASE -> NO_FLOW_BASE | flow_delta=0 | persistence=0 | flow_alert=NONE | Exp=55% | ⚠️ CROWDING RISK: POS_Z Extreme (2.25) → Risk Compression (55%) | spike=0 extreme=0 | corr_break=NO | email=NO | z={'SPY': 1.1192847061051316, 'QQQ': 0.7358108765172497, 'VIX': -0.6926094899019319, 'DXY': -1.1113659325582466, 'WTI': 0.5178281784740422}
[2026-05-12 00:24:39] ALERT | SEW=RISK_COMPRESSION | EVENT=NORMAL | credit=UNKNOWN(N/A) | flow=NO_FLOW_BASE -> NO_FLOW_BASE | flow_delta=0 | persistence=0 | flow_alert=NONE | Exp=55% | ⚠️ CROWDING RISK: POS_Z Extreme (2.25) → Risk Compression (55%) | spike=0 extreme=0 | corr_break=NO | email=NO | z={'SPY': 1.1192847061051316, 'QQQ': 0.7358108765172497, 'VIX': -0.6926094899019319, 'DXY': -1.1113659325582466, 'WTI': 0.5178281784740422}
[2026-05-12 01:15:41] ALERT | SEW=RISK_COMPRESSION | EVENT=NORMAL | credit=UNKNOWN(N/A) | flow=NO_FLOW_BASE -> NO_FLOW_BASE | flow_delta=0 | persistence=0 | flow_alert=NONE | Exp=55% | ⚠️ CROWDING RISK: POS_Z Extreme (2.25) → Risk Compression (55%) | spike=0 extreme=0 | corr_break=NO | email=NO | z={'SPY': 1.1192847061051316, 'QQQ': 0.7358225409597566, 'VIX': -0.6926094899019319, 'DXY': -1.1113659325582466, 'WTI': 0.5178281784740422}
[2026-05-12 01:47:00] ALERT | SEW=RISK_COMPRESSION | EVENT=NORMAL | credit=UNKNOWN(N/A) | flow=NO_FLOW_BASE -> NO_FLOW_BASE | flow_delta=0 | persistence=0 | flow_alert=NONE | Exp=55% | ⚠️ CROWDING RISK: POS_Z Extreme (2.25) → Risk Compression (55%) | spike=0 extreme=0 | corr_break=NO | email=NO | z={'SPY': 1.1192847061051316, 'QQQ': 0.7358225409597566, 'VIX': -0.6926094899019319, 'DXY': -1.1113659325582466, 'WTI': 0.5178281784740422}
[2026-05-12 01:56:08] ALERT | SEW=RISK_COMPRESSION | EVENT=NORMAL | credit=UNKNOWN(N/A) | flow=NO_FLOW_BASE -> NO_FLOW_BASE | flow_delta=0 | persistence=0 | flow_alert=NONE | Exp=55% | ⚠️ CROWDING RISK: POS_Z Extreme (2.25) → Risk Compression (55%) | spike=0 extreme=0 | corr_break=NO | email=NO | z={'SPY': 1.1192847061051316, 'QQQ': 0.7358225409597566, 'VIX': -0.6926094899019319, 'DXY': -1.1113659325582466, 'WTI': 0.5178281784740422}
[2026-05-12 02:20:40] ALERT | SEW=RISK_COMPRESSION | EVENT=NORMAL | credit=UNKNOWN(N/A) | flow=NO_FLOW_BASE -> NO_FLOW_BASE | flow_delta=0 | persistence=0 | flow_alert=NONE | Exp=55% | ⚠️ CROWDING RISK: POS_Z Extreme (2.25) → Risk Compression (55%) | spike=0 extreme=0 | corr_break=NO | email=NO | z={'SPY': 1.1192847061051316, 'QQQ': 0.7358225409597566, 'VIX': -0.6926094899019319, 'DXY': -1.1113659325582466, 'WTI': 0.5178281784740422}
[2026-05-12 02:27:37] ALERT | SEW=RISK_COMPRESSION | EVENT=NORMAL | credit=UNKNOWN(N/A) | flow=NO_FLOW_BASE -> NO_FLOW_BASE | flow_delta=0 | persistence=0 | flow_alert=NONE | Exp=55% | ⚠️ CROWDING RISK: POS_Z Extreme (2.25) → Risk Compression (55%) | spike=0 extreme=0 | corr_break=NO | email=NO | z={'SPY': 1.1192847061051316, 'QQQ': 0.7358225409597566, 'VIX': -0.6926094899019319, 'DXY': -1.1113659325582466, 'WTI': 0.5178281784740422}
[2026-05-12 04:34:07] ALERT | SEW=RISK_COMPRESSION | EVENT=NORMAL | credit=UNKNOWN(N/A) | flow=NO_FLOW_BASE -> NO_FLOW_BASE | flow_delta=0 | persistence=0 | flow_alert=NONE | Exp=55% | ⚠️ CROWDING RISK: POS_Z Extreme (2.25) → Risk Compression (55%) | spike=0 extreme=0 | corr_break=NO | email=NO | z={'SPY': 1.1192847061051316, 'QQQ': 0.7358225409597566, 'VIX': -0.6926094899019319, 'DXY': -1.1113659325582466, 'WTI': 0.5178281784740422}
[2026-05-12 05:57:26] ALERT | SEW=RISK_COMPRESSION | EVENT=NORMAL | credit=UNKNOWN(N/A) | flow=NO_FLOW_BASE -> NO_FLOW_BASE | flow_delta=0 | persistence=0 | flow_alert=NONE | Exp=55% | ⚠️ CROWDING RISK: POS_Z Extreme (2.25) → Risk Compression (55%) | spike=0 extreme=0 | corr_break=NO | email=NO | z={'SPY': 1.1192847061051316, 'QQQ': 0.7358225409597566, 'VIX': -0.6926094899019319, 'DXY': -1.1113659325582466, 'WTI': 0.5178281784740422}
[2026-05-12 07:05:25] ALERT | SEW=RISK_COMPRESSION | EVENT=NORMAL | credit=UNKNOWN(N/A) | flow=NO_FLOW_BASE -> NO_FLOW_BASE | flow_delta=0 | persistence=0 | flow_alert=NONE | Exp=55% | ⚠️ CROWDING RISK: POS_Z Extreme (2.25) → Risk Compression (55%) | spike=0 extreme=0 | corr_break=NO | email=NO | z={'SPY': 1.1192847061051316, 'QQQ': 0.7358225409597566, 'VIX': -0.6926094899019319, 'DXY': -1.1113659325582466, 'WTI': 0.5178281784740422}
[2026-05-12 09:20:25] ALERT | SEW=RISK_COMPRESSION | EVENT=NORMAL | credit=UNKNOWN(N/A) | flow=NO_FLOW_BASE -> NO_FLOW_BASE | flow_delta=1 | persistence=0 | flow_alert=NONE | Exp=55% | ⚠️ CROWDING RISK: POS_Z Extreme (2.25) → Risk Compression (55%) | spike=0 extreme=0 | corr_break=NO | email=NO | z={'SPY': 1.1192847061051316, 'QQQ': 0.7358225409597566, 'VIX': -0.1676471897197606, 'DXY': -1.1113659325582466, 'WTI': 0.5178281784740422}
[2026-05-12 11:49:40] ALERT | SEW=RISK_COMPRESSION | EVENT=NORMAL | credit=UNKNOWN(N/A) | flow=NO_FLOW_BASE -> NO_FLOW_BASE | flow_delta=-1 | persistence=0 | flow_alert=NONE | Exp=55% | ⚠️ CROWDING RISK: POS_Z Extreme (2.25) → Risk Compression (55%) | spike=0 extreme=0 | corr_break=NO | email=NO | z={'SPY': 1.1192847061051316, 'QQQ': 0.7358108765172497, 'VIX': -0.36315180307245637, 'DXY': -1.1113659325582466, 'WTI': 0.5178281784740422}
[2026-05-12 12:09:10] ALERT | SEW=RISK_COMPRESSION | EVENT=NORMAL | credit=UNKNOWN(N/A) | flow=NO_FLOW_BASE -> NO_FLOW_BASE | flow_delta=0 | persistence=0 | flow_alert=NONE | Exp=55% | ⚠️ CROWDING RISK: POS_Z Extreme (2.25) → Risk Compression (55%) | spike=0 extreme=0 | corr_break=NO | email=NO | z={'SPY': 1.1192847061051316, 'QQQ': 0.7358108765172497, 'VIX': 0.8245612087737357, 'DXY': -1.1113659325582466, 'WTI': 0.5178281784740422}
[2026-05-12 13:23:37] ALERT | SEW=RISK_COMPRESSION | EVENT=NORMAL | credit=UNKNOWN(N/A) | flow=NO_FLOW_BASE -> NO_FLOW_BASE | flow_delta=0 | persistence=0 | flow_alert=NONE | Exp=55% | ⚠️ CROWDING RISK: POS_Z Extreme (2.25) → Risk Compression (55%) | spike=0 extreme=0 | corr_break=NO | email=NO | z={'SPY': 1.1192847061051316, 'QQQ': 0.7358225409597566, 'VIX': -0.07371936438106608, 'DXY': -1.1113659325582466, 'WTI': 0.5178281784740422}
[2026-05-12 13:33:46] ALERT | SEW=DEADMAN | EVENT=NORMAL | credit=UNKNOWN(N/A) | flow=NO_FLOW_BASE -> EARLY_TRACE | flow_delta=2 | persistence=1 | flow_alert=CHANGE | Exp=0% | 🚨 HARD DEADMAN: Real-time Cross-Asset Shock (spike=0, extreme=4) | spike=0 extreme=4 | corr_break=NO | email=YES | z={'SPY': -3.756308203533061, 'QQQ': -4.028312090631426, 'VIX': 0.9970386843272325, 'DXY': 4.188004497055036, 'WTI': 4.1997373223694705}
[2026-05-12 13:46:33] ALERT | SEW=RISK_COMPRESSION | EVENT=NORMAL | credit=UNKNOWN(N/A) | flow=EARLY_TRACE -> NO CLEAR FLOW | flow_delta=-1 | persistence=0 | flow_alert=FADE | Exp=55% | ⚠️ CROWDING RISK: POS_Z Extreme (2.25) → Risk Compression (55%) | spike=0 extreme=0 | corr_break=NO | email=NO | z={'SPY': -0.3250878642748733, 'QQQ': -0.23583407234848947, 'VIX': 0.0952731277428942, 'DXY': -0.23655544212528662, 'WTI': -0.1907774171617521}
[2026-05-13 04:41:16] ALERT | SEW=RISK_COMPRESSION | EVENT=NORMAL | credit=UNKNOWN(N/A) | flow=NO CLEAR FLOW -> NO_FLOW_BASE | flow_delta=0 | persistence=0 | flow_alert=NONE | Exp=55% | ⚠️ CROWDING RISK: POS_Z Extreme (2.25) → Risk Compression (55%) | spike=0 extreme=0 | corr_break=NO | email=NO | z={'SPY': -1.0347329799070988, 'QQQ': 0.10160625145027215, 'VIX': -0.28751657407213, 'DXY': 2.009865604475163, 'WTI': -0.7373990681354421}
[2026-05-13 11:39:42] ALERT | SEW=RISK_COMPRESSION | EVENT=NORMAL | credit=UNKNOWN(N/A) | flow=NO_FLOW_BASE -> NO_FLOW_BASE | flow_delta=0 | persistence=0 | flow_alert=NONE | Exp=55% | ⚠️ CROWDING RISK: POS_Z Extreme (2.12) → Risk Compression (55%) | spike=0 extreme=0 | corr_break=NO | email=NO | z={'SPY': -1.0347329799070988, 'QQQ': 0.10160625145027215, 'VIX': -0.08198076910504291, 'DXY': 2.009865604475163, 'WTI': -0.7373990681354421}
